  Performing full C++ include scan (hot reloading a new target)
  Using 'git status' to determine working set for adaptive non-unity build.
  Creating makefile for hot reloading SlackurbatorEditor (no existing makefile)
  Compiling game modules for hot reload
  Parsing headers for SlackurbatorEditor
    Running UnrealHeaderTool "D:\SideHustle\Git\Slackurbator\Slackurbator\Slackurbator.uproject" "D:\SideHustle\Git\Slackurbator\Slackurbator\Intermediate\Build\Win64\SlackurbatorEditor\Development\SlackurbatorEditor.uhtmanifest" -LogCmds="loginit warning, logexit warning, logdatabase error" -Unattended -WarningsAsErrors -installed
  Reflection code generated for SlackurbatorEditor in 6.0738712 seconds
  Performing 13 actions (4 in parallel)
  [2/13] Resource ModuleVersionResource.rc.inl
  [3/13] Resource PCLaunch.rc
  SharedPCH.Engine.cpp
  Slackurbator.cpp
  SlackurbatorCharacter.cpp
  SlackurbatorPlayerController.cpp
  SlackurbatorGameMode.cpp
  Slackurbator.init.gen.cpp
  SlackurbatorCharacter.gen.cpp
  SlackurbatorGameMode.gen.cpp
  SlackurbatorPlayerController.gen.cpp
  [12/13] Link UE4Editor-Slackurbator-3555.dll
  [13/13] Link UE4Editor-Slackurbator-3555.lib
     Creating library D:\SideHustle\Git\Slackurbator\Slackurbator\Intermediate\Build\Win64\UE4Editor\Development\UE4Editor-Slackurbator-3555.lib and object D:\SideHustle\Git\Slackurbator\Slackurbator\Intermediate\Build\Win64\UE4Editor\Development\UE4Editor-Slackurbator-3555.exp
     Creating library D:\SideHustle\Git\Slackurbator\Slackurbator\Intermediate\Build\Win64\UE4Editor\Development\UE4Editor-Slackurbator-3555.suppressed.lib and object D:\SideHustle\Git\Slackurbator\Slackurbator\Intermediate\Build\Win64\UE4Editor\Development\UE4Editor-Slackurbator-3555.suppressed.exp
  Deploying SlackurbatorEditor Win64 Development...
  Total build time: 53.82 seconds (Local executor: 22.18 seconds)
