Log file open, 06/08/18 17:02:33
LogWindows: Failed to load 'aqProf.dll' (GetLastError=126)
LogWindows: File 'aqProf.dll' does not exist
LogWindows: Failed to load 'VSPerf140.dll' (GetLastError=126)
LogWindows: File 'VSPerf140.dll' does not exist
LogWindows: Failed to load 'VtuneApi.dll' (GetLastError=126)
LogWindows: File 'VtuneApi.dll' does not exist
LogWindows: Failed to load 'VtuneApi32e.dll' (GetLastError=126)
LogWindows: File 'VtuneApi32e.dll' does not exist
LogInit: Display: Running engine for game: Slackurbator
LogPlatformFile: Not using cached read wrapper
LogInit: Display: RandInit(-1278460970) SRandInit(-1278460969).
LogInit: Read version file with build ID '3709383'
LogInit: Overriding engine version to CL 3832480, compatible CL 3709383
LogInit: Registered custom module enumerator with build ID '3709383'
LogTaskGraph: Started task graph with 5 named threads and 14 total threads with 3 sets of task threads.
LogStats: Stats thread started at 4.225558
LogD3D11RHI: Aftermath initialized
LogPluginManager: Mounting plugin Paper2D
LogPluginManager: Mounting plugin LightPropagationVolume
LogPluginManager: Mounting plugin CodeLiteSourceCodeAccess
LogPluginManager: Mounting plugin GitSourceControl
LogPluginManager: Mounting plugin KDevelopSourceCodeAccess
LogPluginManager: Mounting plugin NullSourceCodeAccess
LogPluginManager: Mounting plugin PerforceSourceControl
LogPluginManager: Mounting plugin SubversionSourceControl
LogPluginManager: Mounting plugin UObjectPlugin
LogPluginManager: Mounting plugin VisualStudioCodeSourceCodeAccess
LogPluginManager: Mounting plugin VisualStudioSourceCodeAccess
LogPluginManager: Mounting plugin XCodeSourceCodeAccess
LogPluginManager: Mounting plugin AssetManagerEditor
LogPluginManager: Mounting plugin AudioCapture
LogPluginManager: Mounting plugin FacialAnimation
LogPluginManager: Mounting plugin GameplayTagsEditor
LogPluginManager: Mounting plugin MobileLauncherProfileWizard
LogPluginManager: Mounting plugin PluginBrowser
LogPluginManager: Mounting plugin SpeedTreeImporter
LogPluginManager: Mounting plugin AlembicImporter
LogPluginManager: Mounting plugin CharacterAI
LogPluginManager: Mounting plugin HTML5Networking
LogPluginManager: Mounting plugin AndroidMedia
LogPluginManager: Mounting plugin AvfMedia
LogPluginManager: Mounting plugin ImgMedia
LogPluginManager: Mounting plugin MediaCompositing
LogPluginManager: Mounting plugin MediaPlayerEditor
LogPluginManager: Mounting plugin WmfMedia
LogPluginManager: Mounting plugin TcpMessaging
LogPluginManager: Mounting plugin UdpMessaging
LogPluginManager: Mounting plugin ActorSequence
LogPluginManager: Mounting plugin LevelSequenceEditor
LogPluginManager: Mounting plugin MatineeToLevelSequence
LogPluginManager: Mounting plugin OnlineSubsystemGooglePlay
LogPluginManager: Mounting plugin OnlineSubsystemIOS
LogPluginManager: Mounting plugin OnlineSubsystem
LogPluginManager: Mounting plugin OnlineSubsystemNull
LogPluginManager: Mounting plugin OnlineSubsystemUtils
LogPluginManager: Mounting plugin AndroidDeviceProfileSelector
LogPluginManager: Mounting plugin AndroidMoviePlayer
LogPluginManager: Mounting plugin AndroidPermission
LogPluginManager: Mounting plugin AppleARKit
LogPluginManager: Mounting plugin AppleMoviePlayer
LogPluginManager: Mounting plugin ArchVisCharacter
LogPluginManager: Mounting plugin CableComponent
LogPluginManager: Mounting plugin CustomMeshComponent
LogPluginManager: Mounting plugin ExampleDeviceProfileSelector
LogPluginManager: Mounting plugin GoogleCloudMessaging
LogPluginManager: Mounting plugin ImmediatePhysics
LogPluginManager: Mounting plugin IOSDeviceProfileSelector
LogPluginManager: Mounting plugin LinuxDeviceProfileSelector
LogPluginManager: Mounting plugin LocationServicesBPLibrary
LogPluginManager: Mounting plugin MobilePatchingUtils
LogPluginManager: Mounting plugin OculusVR
LogPluginManager: Plugin shader directory ../../../Engine/Plugins/Runtime/Oculus/OculusVR/Shaders found
LogPluginManager: Mapping shader source directory ../../../Engine/Plugins/Runtime/Oculus/OculusVR/Shaders to virtual directory /Plugin/OculusVR
LogPluginManager: Mounting plugin PhysXVehicles
LogPluginManager: Mounting plugin ProceduralMeshComponent
LogPluginManager: Mounting plugin RuntimePhysXCooking
LogPluginManager: Mounting plugin SteamVR
LogPluginManager: Mounting plugin WebBrowserWidget
LogPluginManager: Mounting plugin WindowsMoviePlayer
LogModuleManager: Display: Found up-to-date module file D:/Projects/Slackurbator/Slackurbator/Binaries/Win64/UE4Editor-Slackurbator-3555.dll (API version 3709383).
LogModuleManager: Display: Found up-to-date module file ../../../Engine/Plugins/2D/Paper2D/Binaries/Win64/UE4Editor-Paper2D.dll (API version 3709383).
LogModuleManager: Display: Found up-to-date module file ../../../Engine/Plugins/2D/Paper2D/Binaries/Win64/UE4Editor-Paper2DEditor.dll (API version 3709383).
LogModuleManager: Display: Found up-to-date module file ../../../Engine/Plugins/2D/Paper2D/Binaries/Win64/UE4Editor-PaperSpriteSheetImporter.dll (API version 3709383).
LogModuleManager: Display: Found up-to-date module file ../../../Engine/Plugins/2D/Paper2D/Binaries/Win64/UE4Editor-PaperTiledImporter.dll (API version 3709383).
LogModuleManager: Display: Found up-to-date module file ../../../Engine/Plugins/2D/Paper2D/Binaries/Win64/UE4Editor-SmartSnapping.dll (API version 3709383).
LogModuleManager: Display: Found up-to-date module file ../../../Engine/Plugins/Blendables/LightPropagationVolume/Binaries/Win64/UE4Editor-LightPropagationVolumeRuntime.dll (API version 3709383).
LogModuleManager: Display: Found up-to-date module file ../../../Engine/Plugins/Blendables/LightPropagationVolume/Binaries/Win64/UE4Editor-LightPropagationVolumeEditor.dll (API version 3709383).
LogModuleManager: Display: Found up-to-date module file ../../../Engine/Plugins/Developer/GitSourceControl/Binaries/Win64/UE4Editor-GitSourceControl.dll (API version 3709383).
LogModuleManager: Display: Found up-to-date module file ../../../Engine/Plugins/Developer/PerforceSourceControl/Binaries/Win64/UE4Editor-PerforceSourceControl.dll (API version 3709383).
LogModuleManager: Display: Found up-to-date module file ../../../Engine/Plugins/Developer/SubversionSourceControl/Binaries/Win64/UE4Editor-SubversionSourceControl.dll (API version 3709383).
LogModuleManager: Display: Found up-to-date module file ../../../Engine/Plugins/Developer/UObjectPlugin/Binaries/Win64/UE4Editor-UObjectPlugin.dll (API version 3709383).
LogModuleManager: Display: Found up-to-date module file ../../../Engine/Plugins/Developer/VisualStudioCodeSourceCodeAccess/Binaries/Win64/UE4Editor-VisualStudioCodeSourceCodeAccess.dll (API version 3709383).
LogModuleManager: Display: Found up-to-date module file ../../../Engine/Plugins/Developer/VisualStudioSourceCodeAccess/Binaries/Win64/UE4Editor-VisualStudioSourceCodeAccess.dll (API version 3709383).
LogModuleManager: Display: Found up-to-date module file ../../../Engine/Plugins/Editor/AssetManagerEditor/Binaries/Win64/UE4Editor-AssetManagerEditor.dll (API version 3709383).
LogModuleManager: Display: Found up-to-date module file ../../../Engine/Plugins/Editor/AudioCapture/Binaries/Win64/UE4Editor-AudioCapture.dll (API version 3709383).
LogModuleManager: Display: Found up-to-date module file ../../../Engine/Plugins/Editor/FacialAnimation/Binaries/Win64/UE4Editor-FacialAnimation.dll (API version 3709383).
LogModuleManager: Display: Found up-to-date module file ../../../Engine/Plugins/Editor/FacialAnimation/Binaries/Win64/UE4Editor-FacialAnimationEditor.dll (API version 3709383).
LogModuleManager: Display: Found up-to-date module file ../../../Engine/Plugins/Editor/GameplayTagsEditor/Binaries/Win64/UE4Editor-GameplayTagsEditor.dll (API version 3709383).
LogModuleManager: Display: Found up-to-date module file ../../../Engine/Plugins/Editor/MobileLauncherProfileWizard/Binaries/Win64/UE4Editor-MobileLauncherProfileWizard.dll (API version 3709383).
LogModuleManager: Display: Found up-to-date module file ../../../Engine/Plugins/Editor/PluginBrowser/Binaries/Win64/UE4Editor-PluginBrowser.dll (API version 3709383).
LogModuleManager: Display: Found up-to-date module file ../../../Engine/Plugins/Editor/SpeedTreeImporter/Binaries/Win64/UE4Editor-SpeedTreeImporter.dll (API version 3709383).
LogModuleManager: Display: Found up-to-date module file ../../../Engine/Plugins/Experimental/AlembicImporter/Binaries/Win64/UE4Editor-AlembicImporter.dll (API version 3709383).
LogModuleManager: Display: Found up-to-date module file ../../../Engine/Plugins/Experimental/AlembicImporter/Binaries/Win64/UE4Editor-AlembicLibrary.dll (API version 3709383).
LogModuleManager: Display: Found up-to-date module file ../../../Engine/Plugins/Experimental/CharacterAI/Binaries/Win64/UE4Editor-CharacterAI.dll (API version 3709383).
LogModuleManager: Display: Found up-to-date module file ../../../Engine/Plugins/Experimental/HTML5Networking/Binaries/Win64/UE4Editor-HTML5Networking.dll (API version 3709383).
LogModuleManager: Display: Found up-to-date module file ../../../Engine/Plugins/Media/AndroidMedia/Binaries/Win64/UE4Editor-AndroidMediaEditor.dll (API version 3709383).
LogModuleManager: Display: Found up-to-date module file ../../../Engine/Plugins/Media/AndroidMedia/Binaries/Win64/UE4Editor-AndroidMediaFactory.dll (API version 3709383).
LogModuleManager: Display: Found up-to-date module file ../../../Engine/Plugins/Media/AvfMedia/Binaries/Win64/UE4Editor-AvfMediaEditor.dll (API version 3709383).
LogModuleManager: Display: Found up-to-date module file ../../../Engine/Plugins/Media/AvfMedia/Binaries/Win64/UE4Editor-AvfMediaFactory.dll (API version 3709383).
LogModuleManager: Display: Found up-to-date module file ../../../Engine/Plugins/Media/AvfMedia/Binaries/Win64/UE4Editor-AvfMediaFactory.dll (API version 3709383).
LogModuleManager: Display: Found up-to-date module file ../../../Engine/Plugins/Media/ImgMedia/Binaries/Win64/UE4Editor-ImgMedia.dll (API version 3709383).
LogModuleManager: Display: Found up-to-date module file ../../../Engine/Plugins/Media/ImgMedia/Binaries/Win64/UE4Editor-ImgMediaEditor.dll (API version 3709383).
LogModuleManager: Display: Found up-to-date module file ../../../Engine/Plugins/Media/ImgMedia/Binaries/Win64/UE4Editor-ImgMediaFactory.dll (API version 3709383).
LogModuleManager: Display: Found up-to-date module file ../../../Engine/Plugins/Media/ImgMedia/Binaries/Win64/UE4Editor-ImgMediaFactory.dll (API version 3709383).
LogModuleManager: Display: Found up-to-date module file ../../../Engine/Plugins/Media/ImgMedia/Binaries/Win64/UE4Editor-OpenExrWrapper.dll (API version 3709383).
LogModuleManager: Display: Found up-to-date module file ../../../Engine/Plugins/Media/MediaCompositing/Binaries/Win64/UE4Editor-MediaCompositing.dll (API version 3709383).
LogModuleManager: Display: Found up-to-date module file ../../../Engine/Plugins/Media/MediaCompositing/Binaries/Win64/UE4Editor-MediaCompositingEditor.dll (API version 3709383).
LogModuleManager: Display: Found up-to-date module file ../../../Engine/Plugins/Media/MediaPlayerEditor/Binaries/Win64/UE4Editor-MediaPlayerEditor.dll (API version 3709383).
LogModuleManager: Display: Found up-to-date module file ../../../Engine/Plugins/Media/WmfMedia/Binaries/Win64/UE4Editor-WmfMedia.dll (API version 3709383).
LogModuleManager: Display: Found up-to-date module file ../../../Engine/Plugins/Media/WmfMedia/Binaries/Win64/UE4Editor-WmfMediaEditor.dll (API version 3709383).
LogModuleManager: Display: Found up-to-date module file ../../../Engine/Plugins/Media/WmfMedia/Binaries/Win64/UE4Editor-WmfMediaFactory.dll (API version 3709383).
LogModuleManager: Display: Found up-to-date module file ../../../Engine/Plugins/Media/WmfMedia/Binaries/Win64/UE4Editor-WmfMediaFactory.dll (API version 3709383).
LogModuleManager: Display: Found up-to-date module file ../../../Engine/Plugins/Messaging/TcpMessaging/Binaries/Win64/UE4Editor-TcpMessaging.dll (API version 3709383).
LogModuleManager: Display: Found up-to-date module file ../../../Engine/Plugins/Messaging/UdpMessaging/Binaries/Win64/UE4Editor-UdpMessaging.dll (API version 3709383).
LogModuleManager: Display: Found up-to-date module file ../../../Engine/Plugins/MovieScene/ActorSequence/Binaries/Win64/UE4Editor-ActorSequence.dll (API version 3709383).
LogModuleManager: Display: Found up-to-date module file ../../../Engine/Plugins/MovieScene/LevelSequenceEditor/Binaries/Win64/UE4Editor-LevelSequenceEditor.dll (API version 3709383).
LogModuleManager: Display: Found up-to-date module file ../../../Engine/Plugins/MovieScene/MatineeToLevelSequence/Binaries/Win64/UE4Editor-MatineeToLevelSequence.dll (API version 3709383).
LogModuleManager: Display: Found up-to-date module file ../../../Engine/Plugins/Online/OnlineSubsystem/Binaries/Win64/UE4Editor-OnlineSubsystem.dll (API version 3709383).
LogModuleManager: Display: Found up-to-date module file ../../../Engine/Plugins/Online/OnlineSubsystemNull/Binaries/Win64/UE4Editor-OnlineSubsystemNull.dll (API version 3709383).
LogModuleManager: Display: Found up-to-date module file ../../../Engine/Plugins/Online/OnlineSubsystemUtils/Binaries/Win64/UE4Editor-OnlineSubsystemUtils.dll (API version 3709383).
LogModuleManager: Display: Found up-to-date module file ../../../Engine/Plugins/Online/OnlineSubsystemUtils/Binaries/Win64/UE4Editor-OnlineBlueprintSupport.dll (API version 3709383).
LogModuleManager: Display: Found up-to-date module file ../../../Engine/Plugins/Runtime/AndroidDeviceProfileSelector/Binaries/Win64/UE4Editor-AndroidDeviceProfileSelector.dll (API version 3709383).
LogModuleManager: Display: Found up-to-date module file ../../../Engine/Plugins/Runtime/AndroidPermission/Binaries/Win64/UE4Editor-AndroidPermission.dll (API version 3709383).
LogModuleManager: Display: Found up-to-date module file ../../../Engine/Plugins/Runtime/AppleARKit/Binaries/Win64/UE4Editor-AppleARKit.dll (API version 3709383).
LogModuleManager: Display: Found up-to-date module file ../../../Engine/Plugins/Runtime/ArchVisCharacter/Binaries/Win64/UE4Editor-ArchVisCharacter.dll (API version 3709383).
LogModuleManager: Display: Found up-to-date module file ../../../Engine/Plugins/Runtime/CableComponent/Binaries/Win64/UE4Editor-CableComponent.dll (API version 3709383).
LogModuleManager: Display: Found up-to-date module file ../../../Engine/Plugins/Runtime/CustomMeshComponent/Binaries/Win64/UE4Editor-CustomMeshComponent.dll (API version 3709383).
LogModuleManager: Display: Found up-to-date module file ../../../Engine/Plugins/Runtime/ExampleDeviceProfileSelector/Binaries/Win64/UE4Editor-ExampleDeviceProfileSelector.dll (API version 3709383).
LogModuleManager: Display: Found up-to-date module file ../../../Engine/Plugins/Runtime/ImmediatePhysics/Binaries/Win64/UE4Editor-ImmediatePhysics.dll (API version 3709383).
LogModuleManager: Display: Found up-to-date module file ../../../Engine/Plugins/Runtime/ImmediatePhysics/Binaries/Win64/UE4Editor-ImmediatePhysicsEditor.dll (API version 3709383).
LogModuleManager: Display: Found up-to-date module file ../../../Engine/Plugins/Runtime/LocationServicesBPLibrary/Binaries/Win64/UE4Editor-LocationServicesBPLibrary.dll (API version 3709383).
LogModuleManager: Display: Found up-to-date module file ../../../Engine/Plugins/Runtime/MobilePatchingUtils/Binaries/Win64/UE4Editor-MobilePatchingUtils.dll (API version 3709383).
LogModuleManager: Display: Found up-to-date module file ../../../Engine/Plugins/Runtime/Oculus/OculusVR/Binaries/Win64/UE4Editor-OculusHMD.dll (API version 3709383).
LogModuleManager: Display: Found up-to-date module file ../../../Engine/Plugins/Runtime/Oculus/OculusVR/Binaries/Win64/UE4Editor-OculusInput.dll (API version 3709383).
LogModuleManager: Display: Found up-to-date module file ../../../Engine/Plugins/Runtime/Oculus/OculusVR/Binaries/Win64/UE4Editor-OculusEditor.dll (API version 3709383).
LogModuleManager: Display: Found up-to-date module file ../../../Engine/Plugins/Runtime/PhysXVehicles/Binaries/Win64/UE4Editor-PhysXVehicles.dll (API version 3709383).
LogModuleManager: Display: Found up-to-date module file ../../../Engine/Plugins/Runtime/PhysXVehicles/Binaries/Win64/UE4Editor-PhysXVehiclesEditor.dll (API version 3709383).
LogModuleManager: Display: Found up-to-date module file ../../../Engine/Plugins/Runtime/ProceduralMeshComponent/Binaries/Win64/UE4Editor-ProceduralMeshComponent.dll (API version 3709383).
LogModuleManager: Display: Found up-to-date module file ../../../Engine/Plugins/Runtime/ProceduralMeshComponent/Binaries/Win64/UE4Editor-ProceduralMeshComponentEditor.dll (API version 3709383).
LogModuleManager: Display: Found up-to-date module file ../../../Engine/Plugins/Runtime/RuntimePhysXCooking/Binaries/Win64/UE4Editor-RuntimePhysXCooking.dll (API version 3709383).
LogModuleManager: Display: Found up-to-date module file ../../../Engine/Plugins/Runtime/Steam/SteamVR/Binaries/Win64/UE4Editor-SteamVR.dll (API version 3709383).
LogModuleManager: Display: Found up-to-date module file ../../../Engine/Plugins/Runtime/Steam/SteamVR/Binaries/Win64/UE4Editor-SteamVRController.dll (API version 3709383).
LogModuleManager: Display: Found up-to-date module file ../../../Engine/Plugins/Runtime/WebBrowserWidget/Binaries/Win64/UE4Editor-WebBrowserWidget.dll (API version 3709383).
LogModuleManager: Display: Found up-to-date module file ../../../Engine/Plugins/Runtime/WindowsMoviePlayer/Binaries/Win64/UE4Editor-WindowsMoviePlayer.dll (API version 3709383).
LogInit: Using libcurl 7.47.1
LogInit:  - built for x86_64-pc-win32
LogInit:  - supports SSL with OpenSSL/1.0.2g
LogInit:  - supports HTTP deflate (compression) using libz 1.2.8
LogInit:  - other features:
LogInit:      CURL_VERSION_SSL
LogInit:      CURL_VERSION_LIBZ
LogInit:      CURL_VERSION_IPV6
LogInit:      CURL_VERSION_ASYNCHDNS
LogInit:      CURL_VERSION_LARGEFILE
LogInit:      CURL_VERSION_IDN
LogInit:  CurlRequestOptions (configurable via config and command line):
LogInit:  - bVerifyPeer = false  - Libcurl will NOT verify peer certificate
LogInit:  - bUseHttpProxy = false  - Libcurl will NOT use HTTP proxy
LogInit:  - bDontReuseConnections = false  - Libcurl will reuse connections
LogInit:  - CertBundlePath = nullptr  - Libcurl will use whatever was configured at build time.
LogInit: Build: ++UE4+Release-4.18-CL-3832480
LogInit: Engine Version: 4.18.3-3832480+++UE4+Release-4.18
LogInit: Compatible Engine Version: 4.18.0-3709383+++UE4+Release-4.18
LogInit: Net CL: 3709383
LogDevObjectVersion: Number of dev versions registered: 16
LogDevObjectVersion:   Dev-Blueprints (B0D832E4-1F89-4F0D-ACCF-7EB736FD4AA2): 10
LogDevObjectVersion:   Dev-Build (E1C64328-A22C-4D53-A36C-8E866417BD8C): 0
LogDevObjectVersion:   Dev-Core (375EC13C-06E4-48FB-B500-84F0262A717E): 2
LogDevObjectVersion:   Dev-Editor (E4B068ED-F494-42E9-A231-DA0B2E46BB41): 20
LogDevObjectVersion:   Dev-Framework (CFFC743F-43B0-4480-9391-14DF171D2073): 30
LogDevObjectVersion:   Dev-Mobile (B02B49B5-BB20-44E9-A304-32B752E40360): 0
LogDevObjectVersion:   Dev-Networking (A4E4105C-59A1-49B5-A7C5-40C4547EDFEE): 0
LogDevObjectVersion:   Dev-Online (39C831C9-5AE6-47DC-9A44-9C173E1C8E7C): 0
LogDevObjectVersion:   Dev-Physics (78F01B33-EBEA-4F98-B9B4-84EACCB95AA2): 0
LogDevObjectVersion:   Dev-Platform (6631380F-2D4D-43E0-8009-CF276956A95A): 0
LogDevObjectVersion:   Dev-Rendering (12F88B9F-8875-4AFC-A67C-D90C383ABD29): 20
LogDevObjectVersion:   Dev-Sequencer (7B5AE74C-D270-4C10-A958-57980B212A5A): 4
LogDevObjectVersion:   Dev-VR (D7296918-1DD6-4BDD-9DE2-64A83CC13884): 0
LogDevObjectVersion:   Dev-LoadTimes (C2A15278-BFE7-4AFE-6C17-90FF531DF755): 1
LogDevObjectVersion:   Private-Geometry (6EACA3D4-40EC-4CC1-B786-8BED09428FC5): 1
LogDevObjectVersion:   Dev-AnimPhys (29E575DD-E0A3-4627-9D10-D276232CDCEA): 12
LogInit: Compiled (64-bit): Jan 12 2018 02:04:55
LogInit: Compiled with Visual C++: 19.00.24215.01
LogInit: Build Configuration: Development
LogInit: Branch Name: ++UE4+Release-4.18
LogInit: Command line:  
LogInit: Base directory: C:/Program Files/Epic Games/UE_4.18/Engine/Binaries/Win64/
LogInit: Installed Engine Build: 1
LogInit: Presizing for max 8388607 objects, including 0 objects not considered by GC, pre-allocating 0 bytes for permanent pool.
LogInit: Object subsystem initialized
[2018.06.08-22.02.41:589][  0]LogInit: Selected Device Profile: [Windows]
[2018.06.08-22.02.41:589][  0]LogInit: Applying CVar settings loaded from the selected device profile: [Windows]
[2018.06.08-22.02.41:876][  0]LogInit: Computer: LAPTOP-VFGLGJ1T
[2018.06.08-22.02.41:876][  0]LogInit: User: LucindaPetersen
[2018.06.08-22.02.41:876][  0]LogInit: CPU Page size=4096, Cores=4
[2018.06.08-22.02.41:876][  0]LogInit: High frequency timer resolution =2.531252 MHz
[2018.06.08-22.02.41:899][  0]LogMemory: Memory total: Physical=7.9GB (8GB approx)
[2018.06.08-22.02.41:899][  0]LogMemory: Platform Memory Stats for Windows
[2018.06.08-22.02.41:899][  0]LogMemory: Process Physical Memory: 275.29 MB used, 275.29 MB peak
[2018.06.08-22.02.41:899][  0]LogMemory: Process Virtual Memory: 269.77 MB used, 269.77 MB peak
[2018.06.08-22.02.41:899][  0]LogMemory: Physical Memory: 4427.56 MB used,  3624.22 MB free, 8051.78 MB total
[2018.06.08-22.02.41:899][  0]LogMemory: Virtual Memory: 682.73 MB used,  3624.22 MB free, 134217728.00 MB total
[2018.06.08-22.02.45:062][  0]LogInit: Using OS detected language (en-US).
[2018.06.08-22.02.45:062][  0]LogInit: Using OS detected locale (en-US).
[2018.06.08-22.02.45:511][  0]LogTextLocalizationManager: No specific localization for 'en-US' exists, so the 'en' localization will be used.
[2018.06.08-22.02.46:523][  0]LogInit: Setting process to per monitor DPI aware
[2018.06.08-22.02.57:247][  0]LogD3D11RHI: D3D11 adapters:
[2018.06.08-22.02.59:094][  0]LogD3D11RHI:    0. 'NVIDIA GeForce GTX 960M' (Feature Level 11_0)
[2018.06.08-22.02.59:094][  0]LogD3D11RHI:       4065/0/4025 MB DedicatedVideo/DedicatedSystem/SharedSystem, Outputs:1, VendorId:0x10de
[2018.06.08-22.02.59:108][  0]LogD3D11RHI:    1. 'Intel(R) HD Graphics 530' (Feature Level 11_0)
[2018.06.08-22.02.59:108][  0]LogD3D11RHI:       128/0/4025 MB DedicatedVideo/DedicatedSystem/SharedSystem, Outputs:0, VendorId:0x8086
[2018.06.08-22.02.59:139][  0]LogD3D11RHI:    2. 'Microsoft Basic Render Driver' (Feature Level 11_0)
[2018.06.08-22.02.59:140][  0]LogD3D11RHI:       0/0/4025 MB DedicatedVideo/DedicatedSystem/SharedSystem, Outputs:0, VendorId:0x1414
[2018.06.08-22.02.59:140][  0]LogD3D11RHI: Chosen D3D11 Adapter: 0
[2018.06.08-22.02.59:184][  0]LogD3D11RHI: Creating new Direct3DDevice
[2018.06.08-22.02.59:184][  0]LogD3D11RHI:     GPU DeviceId: 0x139b (for the marketing name, search the web for "GPU Device Id")
[2018.06.08-22.02.59:184][  0]LogWindows: EnumDisplayDevices:
[2018.06.08-22.02.59:184][  0]LogWindows:    0. 'Intel(R) HD Graphics 530' (P:1 D:1)
[2018.06.08-22.02.59:199][  0]LogWindows:    1. 'Intel(R) HD Graphics 530' (P:0 D:0)
[2018.06.08-22.02.59:199][  0]LogWindows:    2. 'Intel(R) HD Graphics 530' (P:0 D:0)
[2018.06.08-22.02.59:199][  0]LogWindows: DebugString: GetVideoDriverDetailsInvalid PrimaryIsNotTheChoosenAdapter GetVideoDriverDetailsInvalid PrimaryIsNotTheChoosenAdapter GetVideoDriverDetailsInvalid PrimaryIsNotTheChoosenAdapter FoundDriverCount:0 
[2018.06.08-22.02.59:199][  0]LogD3D11RHI:     Adapter Name: NVIDIA GeForce GTX 960M
[2018.06.08-22.02.59:199][  0]LogD3D11RHI:   Driver Version: Unknown (internal:Unknown, unified:Unknown)
[2018.06.08-22.02.59:199][  0]LogD3D11RHI:      Driver Date: Unknown
[2018.06.08-22.02.59:199][  0]LogRHI: Texture pool is 2846 MB (70% of 4065 MB)
[2018.06.08-22.02.59:903][  0]LogD3D11RHI: Async texture creation enabled
[2018.06.08-22.03.00:613][  0]LogD3D11RHI: GPU Timing Frequency: 1000.000000 (Debug: 2 1)
[2018.06.08-22.03.00:825][  0]LogShaderCompilers: Guid format shader working directory is 19 characters bigger than the processId version (D:/Projects/Slackurbator/Slackurbator/Intermediate/Shaders/WorkingDirectory/11776/).
[2018.06.08-22.03.00:825][  0]LogShaderCompilers: Cleaned the shader compiler working directory 'C:/Users/Lucinda Petersen/AppData/Local/Temp/UnrealShaderWorkingDir/5B78767E4083F833ECC3DDA346ECDE96/'.
[2018.06.08-22.03.00:842][  0]LogShaderCompilers: Display: Using Local Shader Compiler.
[2018.06.08-22.03.11:477][  0]LogTemp: Display: Loaded TP AllDesktopTargetPlatform
[2018.06.08-22.03.11:529][  0]LogTemp: Display: Loaded TP MacClientTargetPlatform
[2018.06.08-22.03.11:581][  0]LogTemp: Display: Loaded TP MacNoEditorTargetPlatform
[2018.06.08-22.03.11:634][  0]LogTemp: Display: Loaded TP MacServerTargetPlatform
[2018.06.08-22.03.11:719][  0]LogTemp: Display: Loaded TP MacTargetPlatform
[2018.06.08-22.03.11:775][  0]LogTemp: Display: Loaded TP WindowsClientTargetPlatform
[2018.06.08-22.03.11:830][  0]LogTemp: Display: Loaded TP WindowsNoEditorTargetPlatform
[2018.06.08-22.03.11:882][  0]LogTemp: Display: Loaded TP WindowsServerTargetPlatform
[2018.06.08-22.03.11:927][  0]LogTemp: Display: Loaded TP WindowsTargetPlatform
[2018.06.08-22.03.11:979][  0]LogTemp: Display: Loaded TP Android_ASTCTargetPlatform
[2018.06.08-22.03.12:032][  0]LogTemp: Display: Loaded TP Android_ATCTargetPlatform
[2018.06.08-22.03.12:084][  0]LogTemp: Display: Loaded TP Android_DXTTargetPlatform
[2018.06.08-22.03.12:137][  0]LogTemp: Display: Loaded TP Android_ETC1TargetPlatform
[2018.06.08-22.03.12:187][  0]LogTemp: Display: Loaded TP Android_ETC2TargetPlatform
[2018.06.08-22.03.12:289][  0]LogTemp: Display: Loaded TP Android_MultiTargetPlatform
[2018.06.08-22.03.12:290][  0]LogTemp: Display: Loaded TP Android_PVRTCTargetPlatform
[2018.06.08-22.03.12:445][  0]LogTemp: Display: Loaded TP AndroidTargetPlatform
[2018.06.08-22.03.12:486][  0]LogTemp: Display: Loaded TP HTML5TargetPlatform
[2018.06.08-22.03.12:699][  0]LogTemp: Display: Loaded TP IOSTargetPlatform
[2018.06.08-22.03.12:726][  0]LogTemp: Display: Loaded TP TVOSTargetPlatform
[2018.06.08-22.03.12:779][  0]LogTemp: Display: Loaded TP LinuxClientTargetPlatform
[2018.06.08-22.03.12:831][  0]LogTemp: Display: Loaded TP LinuxNoEditorTargetPlatform
[2018.06.08-22.03.12:884][  0]LogTemp: Display: Loaded TP LinuxServerTargetPlatform
[2018.06.08-22.03.12:948][  0]LogTemp: Display: Loaded TP LinuxTargetPlatform
[2018.06.08-22.03.12:959][  0]LogTargetPlatformManager: Display: Building Assets For Windows
[2018.06.08-22.03.14:683][  0]LogDerivedDataCache: Display: Max Cache Size: 512 MB
[2018.06.08-22.03.15:558][  0]LogDerivedDataCache: Loaded boot cache 0.86s 79MB C:/Users/Lucinda Petersen/AppData/Local/UnrealEngine/4.18/DerivedDataCache/Boot.ddc.
[2018.06.08-22.03.15:558][  0]LogDerivedDataCache: Display: Loaded Boot cache: C:/Users/Lucinda Petersen/AppData/Local/UnrealEngine/4.18/DerivedDataCache/Boot.ddc
[2018.06.08-22.03.15:558][  0]LogDerivedDataCache: FDerivedDataBackendGraph:  Pak pak cache file D:/Projects/Slackurbator/Slackurbator/DerivedDataCache/DDC.ddp not found, will not use a pak cache.
[2018.06.08-22.03.15:558][  0]LogDerivedDataCache: Unable to find inner node Pak for hierarchical cache Hierarchy.
[2018.06.08-22.03.15:558][  0]LogDerivedDataCache: FDerivedDataBackendGraph:  CompressedPak pak cache file D:/Projects/Slackurbator/Slackurbator/DerivedDataCache/Compressed.ddp not found, will not use a pak cache.
[2018.06.08-22.03.15:558][  0]LogDerivedDataCache: Unable to find inner node CompressedPak for hierarchical cache Hierarchy.
[2018.06.08-22.03.15:754][  0]LogDerivedDataCache: Display: Pak cache opened for reading ../../../Engine/DerivedDataCache/Compressed.ddp.
[2018.06.08-22.03.15:767][  0]LogDerivedDataCache: Using Local data cache path C:/Users/Lucinda Petersen/AppData/Local/UnrealEngine/Common/DerivedDataCache: Writable
[2018.06.08-22.03.15:890][  0]LogMaterial: Verifying Global Shaders for PCD3D_SM5
[2018.06.08-22.03.16:110][  0]LogSlate: Using Freetype 2.6.0
[2018.06.08-22.03.16:378][  0]LogSlate: SlateFontCache - WITH_FREETYPE: 1, WITH_HARFBUZZ: 1
[2018.06.08-22.03.16:384][  0]LogSlate: SlateFontCache - WITH_FREETYPE: 1, WITH_HARFBUZZ: 1
[2018.06.08-22.03.32:402][  0]LogInit: Selected Device Profile: [Windows]
[2018.06.08-22.03.36:729][  0]LogSimplygon: Simplygon DLL not present - disabling.
[2018.06.08-22.03.36:929][  0]LogMeshReduction: Using SimplygonSwarm for distributed automatic mesh merging
[2018.06.08-22.03.36:951][  0]LogMeshReduction: Using QuadricMeshReduction for automatic static mesh reduction
[2018.06.08-22.03.36:951][  0]LogMeshReduction: No automatic skeletal mesh reduction module available
[2018.06.08-22.03.36:951][  0]LogMeshReduction: No automatic mesh merging module available
[2018.06.08-22.03.36:951][  0]LogMeshMerging: No automatic mesh merging module available
[2018.06.08-22.03.38:092][  0]LogNetVersion: Slackurbator , NetCL: 3709383, EngineNetVer: 2, GameNetVer: 0 (Checksum: 4204774122)
[2018.06.08-22.03.42:435][  0]LogAssetRegistry: FAssetRegistry took 0.1042 seconds to start up
[2018.06.08-22.04.08:794][  0]LogPackageLocalizationCache: Processed 7 localized package path(s) for 2 prioritized culture(s) in 0.517884 seconds
[2018.06.08-22.04.08:929][  0]LogUObjectArray: 35870 objects as part of root set at end of initial load.
[2018.06.08-22.04.08:940][  0]LogUObjectAllocator: 7363704 out of 0 bytes used by permanent object pool.
[2018.06.08-22.04.08:940][  0]LogUObjectArray: CloseDisregardForGC: 0/0 objects in disregard for GC pool
[2018.06.08-22.04.09:140][  0]LogInit: WinSock: version 1.1 (2.2), MaxSocks=32767, MaxUdp=65467
[2018.06.08-22.05.21:873][  0]LogTcpMessaging: Initializing TcpMessaging bridge
[2018.06.08-22.05.22:167][  0]LogUdpMessaging: Initializing bridge on interface 0.0.0.0:0 to multicast group 230.0.0.1:6666.
[2018.06.08-22.05.48:125][  0]LogMaterial: Uniform references updated for custom material expression Custom.
[2018.06.08-22.05.54:113][  0]SourceControl: Source control is disabled
[2018.06.08-22.06.08:046][  0]LogAndroidPermission: UAndroidPermissionCallbackProxy::GetInstance
[2018.06.08-22.06.09:669][  0]LogOcInput: OculusInput pre-init called
[2018.06.08-22.06.15:684][  0]LogEngine: Initializing Engine...
[2018.06.08-22.06.16:158][  0]LogHMD: Failed to initialize OpenVR with code 110
[2018.06.08-22.06.19:699][  0]LogStats: UGameplayTagsManager::ConstructGameplayTagTree: Construct from data asset -  0.000 s
[2018.06.08-22.06.19:808][  0]LogStats: UGameplayTagsManager::ConstructGameplayTagTree: GameplayTagTreeChangedEvent.Broadcast -  0.076 s
[2018.06.08-22.06.27:739][  0]LogAIModule: Creating AISystem for world Untitled
[2018.06.08-22.06.30:123][  0]LogInit: XAudio2 using 'Speakers (Realtek High Definition Audio)' : 2 channels at 48 kHz using 32 bits per sample (channel mask 0x3)
[2018.06.08-22.06.30:213][  0]LogInit: FAudioDevice initialized.
[2018.06.08-22.06.31:388][  0]LogDerivedDataCache: Saved boot cache 1.01s 79MB C:/Users/Lucinda Petersen/AppData/Local/UnrealEngine/4.18/DerivedDataCache/Boot.ddc.
[2018.06.08-22.06.31:404][  0]LogInit: Texture streaming: Enabled
[2018.06.08-22.06.33:800][  0]LogEngineSessionManager: EngineSessionManager initialized
[2018.06.08-22.06.35:614][  0]LogInit: Transaction tracking system initialized
[2018.06.08-22.06.39:151][  0]BlueprintLog: New page: Editor Load
[2018.06.08-22.06.49:587][  0]LocalizationService: Localization service is disabled
[2018.06.08-22.06.53:185][  0]LogConsoleResponse: Display: 
[2018.06.08-22.06.55:936][  0]LogMaterial: Missing cached shader map for material PhAT_NoCollisionMaterial, compiling. 
[2018.06.08-22.06.57:524][  0]LogMaterial: Missing cached shader map for material Tick_Mat, compiling. 
[2018.06.08-22.06.58:191][  0]LogMaterial: Missing cached shader map for material WidgetMaterial, compiling. 
[2018.06.08-22.06.58:283][  0]LogMaterial: Missing cached shader map for material WidgetMaterial_Current, compiling. 
[2018.06.08-22.06.58:430][  0]LogMaterial: Missing cached shader map for material WidgetMaterial_Y, compiling. 
[2018.06.08-22.06.59:632][  0]LogMaterial: Missing cached shader map for material LevelGridMaterial, compiling. 
[2018.06.08-22.07.08:777][  0]LogFileCache: Scanning file cache for directory 'D:/Projects/Slackurbator/Slackurbator/Content/' took 0.07s
[2018.06.08-22.07.08:777][  0]LogCook: Display: Max memory allowance for cook 16384mb min free memory 0mb
[2018.06.08-22.07.09:065][  0]LogCook: Display: Mobile HDR setting 1
[2018.06.08-22.07.09:211][  0]LogGameplayTags: Display: UGameplayTagsManager::DoneAddingNativeTags. DelegateIsBound: 0
[2018.06.08-22.07.19:480][  0]Cmd: MAP LOAD FILE="D:/Projects/Slackurbator/Slackurbator/Content/TopDownCPP/Maps/TopDownExampleMap.umap" TEMPLATE=0 SHOWPROGRESS=1 FEATURELEVEL=3
[2018.06.08-22.07.19:578][  0]LightingResults: New page: Lighting Build
[2018.06.08-22.07.22:726][  0]MapCheck: New page: Map Check
[2018.06.08-22.07.22:726][  0]LightingResults: New page: Lighting Build
[2018.06.08-22.07.31:368][  0]LogTexture: Display: Building textures: PlaceHolderMap (AutoDXT, 512X512)
[2018.06.08-22.07.31:368][  0]LogTexture: Display: Building textures: BarEmpty (AutoDXT, 1024X1024)
[2018.06.08-22.07.31:368][  0]LogTexture: Display: Building textures: BarFill (AutoDXT, 1024X1024)
[2018.06.08-22.07.31:368][  0]LogTexture: Display: Building textures: HQ_Lightmap0_2 (AutoDXT, 128X128)
[2018.06.08-22.07.31:368][  0]LogTexture: Display: Building textures: HQ_Lightmap0_3 (AutoDXT, 64X64)
[2018.06.08-22.07.31:368][  0]LogTexture: Display: Building textures: HQ_Lightmap0_1 (AutoDXT, 1024X1024)
[2018.06.08-22.07.31:368][  0]LogTexture: Display: Building textures: LQ_Lightmap_0_1 (DXT1, 1024X1024)
[2018.06.08-22.07.31:368][  0]LogTexture: Display: Building textures: LQ_Lightmap_0_2 (DXT1, 128X128)
[2018.06.08-22.07.31:385][  0]LogTexture: Display: Building textures: LQ_Lightmap_0_3 (DXT1, 64X64)
[2018.06.08-22.07.31:423][  0]LogTexture: Display: Building textures: SkyOcclusion0_1 (AutoDXT, 1024X512)
[2018.06.08-22.07.31:673][  0]LogTexture: Display: Building textures: SkyOcclusion0_2 (AutoDXT, 128X64)
[2018.06.08-22.07.31:673][  0]LogTexture: Display: Building textures: SkyOcclusion0_3 (AutoDXT, 64X32)
[2018.06.08-22.07.31:673][  0]LogTexture: Display: Building textures: ShadowMapTexture2D_5 (G8, 32X32)
[2018.06.08-22.07.31:673][  0]LogTexture: Display: Building textures: ShadowMapTexture2D_4 (G8, 1024X1024)
[2018.06.08-22.07.31:673][  0]LogMaterial: Missing cached shader map for material M_Sky_Panning_Clouds2, compiling. 
[2018.06.08-22.07.32:783][  0]LogMaterial: Missing cached shader map for material CubeMaterial, compiling. 
[2018.06.08-22.07.32:983][  0]LogMaterial: Missing cached shader map for material BasicShapeMaterial, compiling. 
[2018.06.08-22.07.33:719][  0]LogMaterial: Missing cached shader map for material M_UE4Man_Body_ParentAI, compiling. 
[2018.06.08-22.07.34:150][  0]LogAIModule: Creating AISystem for world TopDownExampleMap
[2018.06.08-22.07.42:396][  0]LogEditorServer: Finished looking for orphan Actors (0.000 secs)
[2018.06.08-22.07.43:433][  0]Cmd: MAP CHECKDEP NOCLEARLOG
[2018.06.08-22.07.44:153][  0]MapCheck: Map check complete: 0 Error(s), 0 Warning(s), took 547.837ms to complete.
[2018.06.08-22.07.44:153][  0]LogFileHelpers: Loading map 'TopDownExampleMap' took 24.835
[2018.06.08-22.07.48:582][  0]LogCollectionManager: Loaded 0 collections in 0.002604 seconds
[2018.06.08-22.07.50:065][  0]LogFileCache: Scanning file cache for directory 'D:/Projects/Slackurbator/Slackurbator/Saved/Collections/' took 0.01s
[2018.06.08-22.07.50:065][  0]LogFileCache: Scanning file cache for directory 'D:/Projects/Slackurbator/Slackurbator/Content/Developers/LucindaPetersen/Collections/' took 0.01s
[2018.06.08-22.07.50:065][  0]LogFileCache: Scanning file cache for directory 'D:/Projects/Slackurbator/Slackurbator/Content/Collections/' took 0.01s
[2018.06.08-22.07.50:065][  0]LogCollectionManager: Rebuilt the GUID cache for 0 collections in 0.000000 seconds
[2018.06.08-22.07.50:338][  0]LogContentBrowser: Native class hierarchy populated in 0.2564 seconds. Added 2367 classes and 524 folders.
[2018.06.08-22.07.51:028][  0]LogContentBrowser: Native class hierarchy updated for 'WidgetCarousel' in 0.0005 seconds. Added 0 classes and 0 folders.
[2018.06.08-22.07.59:971][  0]LogContentBrowser: Native class hierarchy updated for 'AddContentDialog' in 0.0005 seconds. Added 0 classes and 0 folders.
[2018.06.08-22.08.00:457][  0]LogContentBrowser: Native class hierarchy updated for 'SceneOutliner' in 0.0006 seconds. Added 1 classes and 2 folders.
[2018.06.08-22.08.01:322][  0]LogContentBrowser: Native class hierarchy updated for 'WorldBrowser' in 0.0006 seconds. Added 2 classes and 3 folders.
[2018.06.08-22.08.11:783][  0]LogSlate: Took 0.018872 seconds to synchronously load lazily loaded font '../../../Engine/Content/Slate/Fonts/Roboto-Regular.ttf' (155K)
[2018.06.08-22.08.11:959][  0]LogSlate: Took 0.115902 seconds to synchronously load lazily loaded font '../../../Engine/Content/Slate/Fonts/Roboto-Bold.ttf' (160K)
[2018.06.08-22.08.12:434][  0]LogSlate: Took 0.092242 seconds to synchronously load lazily loaded font '../../../Engine/Content/Editor/Slate/Fonts/FontAwesome.ttf' (139K)
[2018.06.08-22.08.24:378][  0]LogRenderer: Reallocating scene render targets to support 816x436 Format 10 NumSamples 1 (Frame:1).
[2018.06.08-22.08.44:415][  0]LogContentBrowser: Native class hierarchy updated for 'HierarchicalLODOutliner' in 0.0006 seconds. Added 1 classes and 2 folders.
[2018.06.08-22.08.44:415][  0]LogLoad: (Engine Initialization) Total time: 394.79 seconds
[2018.06.08-22.08.44:415][  0]LogLoad: (Engine Initialization) Total Blueprint compile time: 0.00 seconds
[2018.06.08-22.08.44:617][  0]LogExternalProfiler: No external profilers were discovered.  External profiling features will not be available.
[2018.06.08-22.08.47:319][  0]LogContentStreaming: Texture pool size now 1000 MB
[2018.06.08-22.08.50:926][  1]LogSlate: Took 0.031013 seconds to synchronously load lazily loaded font '../../../Engine/Content/Slate/Fonts/Roboto-Light.ttf' (159K)
[2018.06.08-22.08.51:270][  2]LogAssetRegistry: Asset discovery search completed in 308.8577 seconds
[2018.06.08-22.08.51:389][  2]LogCollectionManager: Rebuilt the object cache for 0 collections in 0.000000 seconds (found 0 objects)
[2018.06.08-22.08.51:407][  2]LogCollectionManager: Fixed up redirectors for 0 collections in 0.029530 seconds (updated 0 objects)
[2018.06.08-22.09.30:698][944]SourceControl: On branch master
[2018.06.08-22.09.30:699][944]SourceControl: Your branch is up to date with 'origin/master'.
[2018.06.08-22.09.30:699][944]SourceControl: Changes not staged for commit:
[2018.06.08-22.09.30:699][944]SourceControl:   (use "git add <file>..." to update what will be committed)
[2018.06.08-22.09.30:699][944]SourceControl:   (use "git checkout -- <file>..." to discard changes in working directory)
[2018.06.08-22.09.30:699][944]SourceControl: 	modified:   Slackurbator/Intermediate/CachedAssetRegistry.bin
[2018.06.08-22.09.30:699][944]SourceControl: 	modified:   Slackurbator/Saved/Config/Windows/EditorPerProjectUserSettings.ini
[2018.06.08-22.09.30:699][944]SourceControl: 	modified:   Slackurbator/Saved/Logs/Slackurbator.log
[2018.06.08-22.09.30:699][944]SourceControl: Untracked files:
[2018.06.08-22.09.30:699][944]SourceControl:   (use "git add <file>..." to include in what will be committed)
[2018.06.08-22.09.30:699][944]SourceControl: 	Slackurbator/Saved/Config/CrashReportClient/UE4CC-Windows-9075EAFF467C69CA789B71A7568E7A74/
[2018.06.08-22.09.30:699][944]SourceControl: no changes added to commit (use "git add" and/or "git commit -a")
[2018.06.08-22.10.24:441][211]LogWindowsTextInputMethodSystem: Display: IME system now deactivated.
[2018.06.08-22.10.24:442][211]LogWindowsTextInputMethodSystem: Display: IME system now deactivated.
[2018.06.08-22.10.27:502][212]Cmd: QUIT_EDITOR
[2018.06.08-22.10.29:191][212]LogExit: Preparing to exit.
[2018.06.08-22.10.30:971][212]LogExit: Editor shut down
[2018.06.08-22.10.30:975][212]LogExit: Transaction tracking system shut down
[2018.06.08-22.10.32:289][212]LogDirectoryWatcher: A directory notification for '../../../Engine/Content/' was aborted.
[2018.06.08-22.10.32:289][212]LogDirectoryWatcher: A directory notification for 'D:/Projects/Slackurbator/Slackurbator/Content/' was aborted.
[2018.06.08-22.10.32:289][212]LogDirectoryWatcher: A directory notification for '../../../Engine/Plugins/2D/Paper2D/Content/' was aborted.
[2018.06.08-22.10.32:289][212]LogDirectoryWatcher: A directory notification for '../../../Engine/Plugins/Media/MediaCompositing/Content/' was aborted.
[2018.06.08-22.10.32:289][212]LogDirectoryWatcher: A directory notification for '../../../Engine/Plugins/Runtime/AppleARKit/Content/' was aborted.
[2018.06.08-22.10.32:289][212]LogDirectoryWatcher: A directory notification for '../../../Engine/Plugins/Runtime/Oculus/OculusVR/Content/' was aborted.
[2018.06.08-22.10.32:289][212]LogDirectoryWatcher: A directory notification for '../../../Engine/Plugins/Runtime/Steam/SteamVR/Content/' was aborted.
[2018.06.08-22.10.39:911][212]LogExit: Object subsystem successfully closed.
[2018.06.08-22.10.41:346][212]LogD3D11RHI: Shutdown
[2018.06.08-22.10.41:371][212]LogD3D11RHI: CleanupD3DDevice
[2018.06.08-22.10.41:425][212]LogD3D11RHI: ~FD3D11DynamicRHI
[2018.06.08-22.10.44:303][212]LogModuleManager: Shutting down and abandoning module HierarchicalLODOutliner (554)
[2018.06.08-22.10.44:303][212]LogModuleManager: Shutting down and abandoning module DesktopPlatform (552)
[2018.06.08-22.10.44:357][212]LogModuleManager: Shutting down and abandoning module WorldBrowser (550)
[2018.06.08-22.10.44:357][212]LogModuleManager: Shutting down and abandoning module SceneOutliner (548)
[2018.06.08-22.10.44:371][212]LogModuleManager: Shutting down and abandoning module AddContentDialog (546)
[2018.06.08-22.10.44:417][212]LogDirectoryWatcher: A directory notification for 'C:/Program Files/Epic Games/UE_4.18/FeaturePacks/' was aborted.
[2018.06.08-22.10.44:437][212]LogModuleManager: Shutting down and abandoning module WidgetCarousel (545)
[2018.06.08-22.10.44:437][212]LogModuleManager: Shutting down and abandoning module EditorWidgets (542)
[2018.06.08-22.10.44:437][212]LogModuleManager: Shutting down and abandoning module CollectionManager (540)
[2018.06.08-22.10.44:491][212]LogDirectoryWatcher: A directory notification for 'D:/Projects/Slackurbator/Slackurbator/Content/Collections/' was aborted.
[2018.06.08-22.10.44:491][212]LogDirectoryWatcher: A directory notification for 'D:/Projects/Slackurbator/Slackurbator/Content/Developers/LucindaPetersen/Collections/' was aborted.
[2018.06.08-22.10.44:491][212]LogDirectoryWatcher: A directory notification for 'D:/Projects/Slackurbator/Slackurbator/Saved/Collections/' was aborted.
[2018.06.08-22.10.44:491][212]LogModuleManager: Shutting down and abandoning module StatsViewer (538)
[2018.06.08-22.10.44:543][212]LogModuleManager: Shutting down and abandoning module FoliageEdit (536)
[2018.06.08-22.10.44:583][212]LogModuleManager: Shutting down and abandoning module LandscapeEditor (534)
[2018.06.08-22.10.44:640][212]LogModuleManager: Shutting down and abandoning module MeshPaintMode (532)
[2018.06.08-22.10.44:658][212]LogModuleManager: Shutting down and abandoning module SceneDepthPickerMode (530)
[2018.06.08-22.10.44:658][212]LogModuleManager: Shutting down and abandoning module ActorPickerMode (528)
[2018.06.08-22.10.44:658][212]LogModuleManager: Shutting down and abandoning module GeometryMode (526)
[2018.06.08-22.10.44:658][212]LogModuleManager: Shutting down and abandoning module TextureAlignMode (524)
[2018.06.08-22.10.44:658][212]LogModuleManager: Shutting down and abandoning module BspMode (522)
[2018.06.08-22.10.44:658][212]LogModuleManager: Shutting down and abandoning module PIEPreviewDeviceProfileSelector (520)
[2018.06.08-22.10.44:659][212]LogModuleManager: Shutting down and abandoning module HardwareSurvey (518)
[2018.06.08-22.10.44:659][212]LogModuleManager: Shutting down and abandoning module SequenceRecorderSections (516)
[2018.06.08-22.10.44:659][212]LogModuleManager: Shutting down and abandoning module AutomationWorker (514)
[2018.06.08-22.10.44:681][212]LogModuleManager: Shutting down and abandoning module MatineeToLevelSequence (512)
[2018.06.08-22.10.44:736][212]LogModuleManager: Shutting down and abandoning module LevelSequenceEditor (510)
[2018.06.08-22.10.44:974][212]LogModuleManager: Shutting down and abandoning module PlacementMode (509)
[2018.06.08-22.10.44:974][212]LogModuleManager: Shutting down and abandoning module WmfMediaFactory (506)
[2018.06.08-22.10.44:974][212]LogModuleManager: Shutting down and abandoning module WmfMediaEditor (504)
[2018.06.08-22.10.44:974][212]LogModuleManager: Shutting down and abandoning module OpenExrWrapper (502)
[2018.06.08-22.10.44:974][212]LogModuleManager: Shutting down and abandoning module ImgMediaFactory (500)
[2018.06.08-22.10.44:974][212]LogModuleManager: Shutting down and abandoning module ImgMediaEditor (498)
[2018.06.08-22.10.44:974][212]LogModuleManager: Shutting down and abandoning module AvfMediaFactory (496)
[2018.06.08-22.10.44:974][212]LogModuleManager: Shutting down and abandoning module AvfMediaEditor (494)
[2018.06.08-22.10.44:974][212]LogModuleManager: Shutting down and abandoning module AndroidMediaFactory (492)
[2018.06.08-22.10.44:974][212]LogModuleManager: Shutting down and abandoning module AndroidMediaEditor (490)
[2018.06.08-22.10.44:974][212]LogModuleManager: Shutting down and abandoning module CharacterAI (488)
[2018.06.08-22.10.44:974][212]LogModuleManager: Shutting down and abandoning module AudioCapture (486)
[2018.06.08-22.10.45:034][212]LogModuleManager: Shutting down and abandoning module SequenceRecorder (485)
[2018.06.08-22.10.45:153][212]LogModuleManager: Shutting down and abandoning module SmartSnapping (482)
[2018.06.08-22.10.45:153][212]LogModuleManager: Shutting down and abandoning module SessionServices (480)
[2018.06.08-22.10.45:153][212]LogModuleManager: Shutting down and abandoning module ViewportSnapping (478)
[2018.06.08-22.10.45:153][212]LogModuleManager: Shutting down and abandoning module ViewportInteraction (476)
[2018.06.08-22.10.45:154][212]LogModuleManager: Shutting down and abandoning module ClothPainter (474)
[2018.06.08-22.10.45:342][212]LogModuleManager: Shutting down and abandoning module SkeletalMeshEditor (473)
[2018.06.08-22.10.45:569][212]LogModuleManager: Shutting down and abandoning module LogVisualizer (470)
[2018.06.08-22.10.45:751][212]LogModuleManager: Shutting down and abandoning module IntroTutorials (468)
[2018.06.08-22.10.46:222][212]LogModuleManager: Shutting down and abandoning module GameProjectGeneration (467)
[2018.06.08-22.10.46:536][212]LogModuleManager: Shutting down and abandoning module IOSPlatformEditor (464)
[2018.06.08-22.10.46:536][212]LogModuleManager: Shutting down and abandoning module HTML5PlatformEditor (462)
[2018.06.08-22.10.46:536][212]LogModuleManager: Shutting down and abandoning module AndroidPlatformEditor (460)
[2018.06.08-22.10.46:536][212]LogModuleManager: Shutting down and abandoning module AndroidDeviceDetection (459)
[2018.06.08-22.10.47:166][212]LogModuleManager: Shutting down and abandoning module WindowsPlatformEditor (456)
[2018.06.08-22.10.47:166][212]LogModuleManager: Shutting down and abandoning module IOSRuntimeSettings (454)
[2018.06.08-22.10.47:166][212]LogModuleManager: Shutting down and abandoning module AndroidRuntimeSettings (452)
[2018.06.08-22.10.47:166][212]LogModuleManager: Shutting down and abandoning module InputBindingEditor (450)
[2018.06.08-22.10.47:183][212]LogModuleManager: Shutting down and abandoning module MergeActors (448)
[2018.06.08-22.10.47:202][212]LogModuleManager: Shutting down and abandoning module SizeMap (446)
[2018.06.08-22.10.47:202][212]LogModuleManager: Shutting down and abandoning module TreeMap (444)
[2018.06.08-22.10.47:225][212]LogModuleManager: Shutting down and abandoning module ReferenceViewer (442)
[2018.06.08-22.10.47:225][212]LogModuleManager: Shutting down and abandoning module LocalizationDashboard (440)
[2018.06.08-22.10.47:236][212]LogModuleManager: Shutting down and abandoning module LocalizationService (439)
[2018.06.08-22.10.47:244][212]LogModuleManager: Shutting down and abandoning module HardwareTargeting (436)
[2018.06.08-22.10.47:244][212]LogModuleManager: Shutting down and abandoning module DeviceProfileEditor (434)
[2018.06.08-22.10.47:244][212]LogModuleManager: Shutting down and abandoning module UndoHistory (432)
[2018.06.08-22.10.47:244][212]LogModuleManager: Shutting down and abandoning module XmlParser (430)
[2018.06.08-22.10.47:244][212]LogModuleManager: Shutting down and abandoning module Blutility (428)
[2018.06.08-22.10.47:253][212]LogModuleManager: Shutting down and abandoning module ProjectSettingsViewer (426)
[2018.06.08-22.10.47:253][212]LogModuleManager: Shutting down and abandoning module ProjectTargetPlatformEditor (425)
[2018.06.08-22.10.47:254][212]LogModuleManager: Shutting down and abandoning module EditorSettingsViewer (422)
[2018.06.08-22.10.47:254][212]LogModuleManager: Shutting down and abandoning module SettingsEditor (420)
[2018.06.08-22.10.47:264][212]LogModuleManager: Shutting down and abandoning module ProjectLauncher (418)
[2018.06.08-22.10.47:280][212]LogModuleManager: Shutting down and abandoning module SessionFrontend (416)
[2018.06.08-22.10.47:297][212]LogModuleManager: Shutting down and abandoning module ProfilerClient (414)
[2018.06.08-22.10.47:305][212]LogModuleManager: Shutting down and abandoning module DeviceManager (412)
[2018.06.08-22.10.47:315][212]LogModuleManager: Shutting down and abandoning module TargetDeviceServices (411)
[2018.06.08-22.10.47:384][212]LogModuleManager: Shutting down and abandoning module AutomationController (408)
[2018.06.08-22.10.47:415][212]LogModuleManager: Shutting down and abandoning module AutomationWindow (406)
[2018.06.08-22.10.47:432][212]LogModuleManager: Shutting down and abandoning module Layers (404)
[2018.06.08-22.10.47:468][212]LogModuleManager: Shutting down and abandoning module ComponentVisualizers (402)
[2018.06.08-22.10.47:468][212]LogModuleManager: Shutting down and abandoning module DetailCustomizations (400)
[2018.06.08-22.10.47:521][212]LogModuleManager: Shutting down and abandoning module PackagesDialog (398)
[2018.06.08-22.10.47:576][212]LogModuleManager: Shutting down and abandoning module Persona (396)
[2018.06.08-22.10.47:676][212]LogModuleManager: Shutting down and abandoning module AdvancedPreviewScene (395)
[2018.06.08-22.10.47:676][212]LogModuleManager: Shutting down and abandoning module AnimGraph (393)
[2018.06.08-22.10.47:676][212]LogModuleManager: Shutting down and abandoning module Kismet (390)
[2018.06.08-22.10.47:715][212]LogModuleManager: Shutting down and abandoning module ClassViewer (388)
[2018.06.08-22.10.47:716][212]LogModuleManager: Shutting down and abandoning module Toolbox (386)
[2018.06.08-22.10.47:716][212]LogModuleManager: Shutting down and abandoning module ModuleUI (384)
[2018.06.08-22.10.47:729][212]LogModuleManager: Shutting down and abandoning module MovieSceneTools (382)
[2018.06.08-22.10.47:762][212]LogModuleManager: Shutting down and abandoning module OutputLog (380)
[2018.06.08-22.10.47:787][212]LogModuleManager: Shutting down and abandoning module GammaUI (378)
[2018.06.08-22.10.47:798][212]LogModuleManager: Shutting down and abandoning module Documentation (376)
[2018.06.08-22.10.47:798][212]LogModuleManager: Shutting down and abandoning module MovieSceneTracks (374)
[2018.06.08-22.10.47:809][212]LogModuleManager: Shutting down and abandoning module MovieScene (372)
[2018.06.08-22.10.47:809][212]LogModuleManager: Shutting down and abandoning module StreamingPauseRendering (370)
[2018.06.08-22.10.47:809][212]LogModuleManager: Shutting down and abandoning module LauncherPlatform (368)
[2018.06.08-22.10.47:809][212]LogModuleManager: Shutting down and abandoning module AnalyticsET (366)
[2018.06.08-22.10.47:809][212]LogModuleManager: Shutting down and abandoning module PortalServices (364)
[2018.06.08-22.10.47:809][212]LogModuleManager: Shutting down and abandoning module PortalRpc (362)
[2018.06.08-22.10.47:809][212]LogModuleManager: Shutting down and abandoning module MessagingRpc (360)
[2018.06.08-22.10.47:810][212]LogModuleManager: Shutting down and abandoning module AIModule (358)
[2018.06.08-22.10.47:815][212]LogModuleManager: Shutting down and abandoning module GameplayDebugger (357)
[2018.06.08-22.10.47:844][212]LogModuleManager: Shutting down and abandoning module AITestSuite (355)
[2018.06.08-22.10.47:854][212]LogModuleManager: Shutting down and abandoning module ProfilerService (352)
[2018.06.08-22.10.47:974][212]LogModuleManager: Shutting down and abandoning module TaskGraph (350)
[2018.06.08-22.10.47:997][212]LogModuleManager: Shutting down and abandoning module SteamVRController (348)
[2018.06.08-22.10.47:997][212]LogModuleManager: Shutting down and abandoning module ProceduralMeshComponentEditor (346)
[2018.06.08-22.10.47:997][212]LogModuleManager: Shutting down and abandoning module ProceduralMeshComponent (344)
[2018.06.08-22.10.47:997][212]LogModuleManager: Shutting down and abandoning module OculusInput (342)
[2018.06.08-22.10.47:997][212]LogModuleManager: Shutting down and abandoning module MobilePatchingUtils (340)
[2018.06.08-22.10.47:997][212]LogModuleManager: Shutting down and abandoning module CustomMeshComponent (338)
[2018.06.08-22.10.47:997][212]LogModuleManager: Shutting down and abandoning module CableComponent (336)
[2018.06.08-22.10.47:997][212]LogModuleManager: Shutting down and abandoning module ArchVisCharacter (334)
[2018.06.08-22.10.47:997][212]LogModuleManager: Shutting down and abandoning module AndroidPermission (332)
[2018.06.08-22.10.47:997][212]LogModuleManager: Shutting down and abandoning module ActorSequence (328)
[2018.06.08-22.10.47:997][212]LogModuleManager: Shutting down and abandoning module MediaPlayerEditor (326)
[2018.06.08-22.10.48:035][212]LogModuleManager: Shutting down and abandoning module MediaCompositingEditor (324)
[2018.06.08-22.10.48:035][212]LogModuleManager: Shutting down and abandoning module MediaCompositing (322)
[2018.06.08-22.10.48:035][212]LogModuleManager: Shutting down and abandoning module HTML5Networking (320)
[2018.06.08-22.10.48:035][212]LogModuleManager: Shutting down and abandoning module AlembicImporter (318)
[2018.06.08-22.10.48:048][212]LogModuleManager: Shutting down and abandoning module AlembicLibrary (317)
[2018.06.08-22.10.48:048][212]LogModuleManager: Shutting down and abandoning module GeometryCache (316)
[2018.06.08-22.10.48:055][212]LogModuleManager: Shutting down and abandoning module GeometryCacheEd (315)
[2018.06.08-22.10.48:055][212]LogModuleManager: Shutting down and abandoning module SpeedTreeImporter (310)
[2018.06.08-22.10.48:055][212]LogModuleManager: Shutting down and abandoning module PluginBrowser (308)
[2018.06.08-22.10.48:098][212]LogModuleManager: Shutting down and abandoning module MobileLauncherProfileWizard (306)
[2018.06.08-22.10.48:128][212]LogModuleManager: Shutting down and abandoning module VisualStudioSourceCodeAccess (304)
[2018.06.08-22.10.48:128][212]LogModuleManager: Shutting down and abandoning module VisualStudioCodeSourceCodeAccess (302)
[2018.06.08-22.10.48:128][212]LogModuleManager: Shutting down and abandoning module UObjectPlugin (300)
[2018.06.08-22.10.48:128][212]LogModuleManager: Shutting down and abandoning module SubversionSourceControl (298)
[2018.06.08-22.10.48:153][212]LogModuleManager: Shutting down and abandoning module PerforceSourceControl (296)
[2018.06.08-22.10.48:181][212]LogModuleManager: Shutting down and abandoning module GitSourceControl (294)
[2018.06.08-22.10.48:196][212]LogModuleManager: Shutting down and abandoning module SourceControl (293)
[2018.06.08-22.10.48:197][212]LogModuleManager: Shutting down and abandoning module LightPropagationVolumeEditor (290)
[2018.06.08-22.10.48:197][212]LogModuleManager: Shutting down and abandoning module PaperTiledImporter (288)
[2018.06.08-22.10.48:197][212]LogModuleManager: Shutting down and abandoning module PaperSpriteSheetImporter (286)
[2018.06.08-22.10.48:197][212]LogModuleManager: Shutting down and abandoning module Paper2DEditor (284)
[2018.06.08-22.10.48:304][212]LogModuleManager: Shutting down and abandoning module MeshPaint (283)
[2018.06.08-22.10.48:350][212]LogModuleManager: Shutting down and abandoning module LevelEditor (281)
[2018.06.08-22.10.48:365][212]LogModuleManager: Shutting down and abandoning module PixelInspectorModule (280)
[2018.06.08-22.10.48:377][212]LogModuleManager: Shutting down and abandoning module MainFrame (278)
[2018.06.08-22.10.48:395][212]LogModuleManager: Shutting down and abandoning module HotReload (277)
[2018.06.08-22.10.48:406][212]LogDirectoryWatcher: A directory notification for 'D:/Projects/Slackurbator/Slackurbator/Binaries/Win64' was aborted.
[2018.06.08-22.10.48:427][212]LogModuleManager: Shutting down and abandoning module Slackurbator (272)
[2018.06.08-22.10.48:427][212]LogModuleManager: Shutting down and abandoning module WebBrowserWidget (270)
[2018.06.08-22.10.48:427][212]LogModuleManager: Shutting down and abandoning module RuntimePhysXCooking (268)
[2018.06.08-22.10.48:427][212]LogModuleManager: Shutting down and abandoning module PhysXVehiclesEditor (266)
[2018.06.08-22.10.48:427][212]LogModuleManager: Shutting down and abandoning module PhysXVehicles (264)
[2018.06.08-22.10.48:427][212]LogModuleManager: Shutting down and abandoning module OculusEditor (262)
[2018.06.08-22.10.48:427][212]LogModuleManager: Shutting down and abandoning module LocationServicesBPLibrary (260)
[2018.06.08-22.10.48:427][212]LogModuleManager: Shutting down and abandoning module ImmediatePhysicsEditor (258)
[2018.06.08-22.10.48:427][212]LogModuleManager: Shutting down and abandoning module ImmediatePhysics (256)
[2018.06.08-22.10.48:441][212]LogModuleManager: Shutting down and abandoning module UdpMessaging (254)
[2018.06.08-22.10.48:558][212]LogModuleManager: Shutting down and abandoning module TcpMessaging (252)
[2018.06.08-22.10.48:673][212]LogModuleManager: Shutting down and abandoning module GameplayTagsEditor (250)
[2018.06.08-22.10.48:682][212]LogModuleManager: Shutting down and abandoning module FacialAnimationEditor (248)
[2018.06.08-22.10.48:682][212]LogModuleManager: Shutting down and abandoning module FacialAnimation (246)
[2018.06.08-22.10.48:682][212]LogModuleManager: Shutting down and abandoning module AssetManagerEditor (244)
[2018.06.08-22.10.48:708][212]LogModuleManager: Shutting down and abandoning module GraphEditor (243)
[2018.06.08-22.10.48:799][212]LogModuleManager: Shutting down and abandoning module ContentBrowser (241)
[2018.06.08-22.10.48:800][212]LogModuleManager: Shutting down and abandoning module LightPropagationVolumeRuntime (238)
[2018.06.08-22.10.48:800][212]LogModuleManager: Shutting down and abandoning module Paper2D (236)
[2018.06.08-22.10.48:800][212]LogModuleManager: Shutting down and abandoning module WindowsMoviePlayer (234)
[2018.06.08-22.10.48:800][212]LogModuleManager: Shutting down and abandoning module WmfMedia (232)
[2018.06.08-22.10.48:813][212]LogModuleManager: Shutting down and abandoning module ImgMedia (230)
[2018.06.08-22.10.48:813][212]LogModuleManager: Shutting down and abandoning module PacketHandler (228)
[2018.06.08-22.10.48:813][212]LogModuleManager: Shutting down and abandoning module ClothingSystemEditor (226)
[2018.06.08-22.10.48:813][212]LogModuleManager: Shutting down and abandoning module ClothingSystemRuntime (224)
[2018.06.08-22.10.48:833][212]LogModuleManager: Shutting down and abandoning module MediaAssets (222)
[2018.06.08-22.10.48:833][212]LogModuleManager: Shutting down and abandoning module Media (221)
[2018.06.08-22.10.48:839][212]LogModuleManager: Shutting down and abandoning module Overlay (218)
[2018.06.08-22.10.48:839][212]LogModuleManager: Shutting down and abandoning module OverlayEditor (217)
[2018.06.08-22.10.48:839][212]LogModuleManager: Shutting down and abandoning module VREditor (214)
[2018.06.08-22.10.48:921][212]LogModuleManager: Shutting down and abandoning module StringTableEditor (212)
[2018.06.08-22.10.48:972][212]LogModuleManager: Shutting down and abandoning module GameplayTasksEditor (210)
[2018.06.08-22.10.48:972][212]LogModuleManager: Shutting down and abandoning module BehaviorTreeEditor (208)
[2018.06.08-22.10.49:350][212]LogModuleManager: Shutting down and abandoning module FunctionalTesting (206)
[2018.06.08-22.10.49:614][212]LogModuleManager: Shutting down and abandoning module CollisionAnalyzer (204)
[2018.06.08-22.10.49:836][212]LogModuleManager: Shutting down and abandoning module WorkspaceMenuStructure (203)
[2018.06.08-22.10.49:836][212]LogModuleManager: Shutting down and abandoning module UMG (200)
[2018.06.08-22.10.50:360][212]LogModuleManager: Shutting down and abandoning module UMGEditor (199)
[2018.06.08-22.10.50:692][212]LogModuleManager: Shutting down and abandoning module Sequencer (198)
[2018.06.08-22.10.51:073][212]LogModuleManager: Shutting down and abandoning module MessageLog (195)
[2018.06.08-22.10.51:073][212]LogModuleManager: Shutting down and abandoning module SlateReflector (190)
[2018.06.08-22.10.51:231][212]LogModuleManager: Shutting down and abandoning module Slate (188)
[2018.06.08-22.10.51:231][212]LogModuleManager: Shutting down and abandoning module EditorStyle (186)
[2018.06.08-22.10.51:233][212]LogModuleManager: Shutting down and abandoning module MRMesh (184)
[2018.06.08-22.10.51:233][212]LogModuleManager: Shutting down and abandoning module SourceCodeAccess (182)
[2018.06.08-22.10.51:233][212]LogModuleManager: Shutting down and abandoning module HeadMountedDisplay (180)
[2018.06.08-22.10.51:233][212]LogModuleManager: Shutting down and abandoning module XAudio2 (178)
[2018.06.08-22.10.51:233][212]LogModuleManager: Shutting down and abandoning module Networking (176)
[2018.06.08-22.10.51:233][212]LogModuleManager: Shutting down and abandoning module Core (172)
[2018.06.08-22.10.51:233][212]LogModuleManager: Shutting down and abandoning module LevelSequence (168)
[2018.06.08-22.10.51:247][212]LogModuleManager: Shutting down and abandoning module DirectoryWatcher (166)
[2018.06.08-22.10.51:248][212]LogModuleManager: Shutting down and abandoning module KismetCompiler (164)
[2018.06.08-22.10.51:248][212]LogModuleManager: Shutting down and abandoning module MeshUtilities (162)
[2018.06.08-22.10.51:301][212]LogModuleManager: Shutting down and abandoning module MeshMergeUtilities (161)
[2018.06.08-22.10.51:320][212]LogModuleManager: Shutting down and abandoning module MeshReductionInterface (160)
[2018.06.08-22.10.51:320][212]LogModuleManager: Shutting down and abandoning module SimplygonSwarm (159)
[2018.06.08-22.10.51:341][212]LogModuleManager: Shutting down and abandoning module SimplygonMeshReduction (157)
[2018.06.08-22.10.51:341][212]LogModuleManager: Shutting down and abandoning module QuadricMeshReduction (155)
[2018.06.08-22.10.51:341][212]LogModuleManager: Shutting down and abandoning module MaterialBaking (151)
[2018.06.08-22.10.51:364][212]LogModuleManager: Shutting down and abandoning module DerivedDataCache (148)
[2018.06.08-22.10.51:389][212]LogDerivedDataCache: Shutdown
[2018.06.08-22.10.51:390][212]LogModuleManager: Shutting down and abandoning module TargetPlatform (146)
[2018.06.08-22.10.51:390][212]LogModuleManager: Shutting down and abandoning module VulkanShaderFormat (145)
[2018.06.08-22.10.51:619][212]LogModuleManager: Shutting down and abandoning module ShaderFormatVectorVM (143)
[2018.06.08-22.10.51:818][212]LogModuleManager: Shutting down and abandoning module ShaderFormatOpenGL (141)
[2018.06.08-22.10.52:014][212]LogModuleManager: Shutting down and abandoning module ShaderFormatD3D (139)
[2018.06.08-22.10.52:014][212]LogModuleManager: Shutting down and abandoning module MetalShaderFormat (137)
[2018.06.08-22.10.52:120][212]LogModuleManager: Shutting down and abandoning module TextureFormatUncompressed (135)
[2018.06.08-22.10.52:120][212]LogModuleManager: Shutting down and abandoning module TextureFormatPVR (133)
[2018.06.08-22.10.52:120][212]LogModuleManager: Shutting down and abandoning module TextureFormatDXT (131)
[2018.06.08-22.10.52:120][212]LogModuleManager: Shutting down and abandoning module TextureFormatIntelISPCTexComp (129)
[2018.06.08-22.10.52:121][212]LogModuleManager: Shutting down and abandoning module TextureFormatASTC (127)
[2018.06.08-22.10.52:121][212]LogModuleManager: Shutting down and abandoning module ImageWrapper (126)
[2018.06.08-22.10.52:121][212]LogModuleManager: Shutting down and abandoning module TextureFormatAndroid (123)
[2018.06.08-22.10.52:121][212]LogModuleManager: Shutting down and abandoning module AudioFormatOpus (121)
[2018.06.08-22.10.52:121][212]LogModuleManager: Shutting down and abandoning module AudioFormatOgg (119)
[2018.06.08-22.10.52:121][212]LogModuleManager: Shutting down and abandoning module AudioFormatADPCM (117)
[2018.06.08-22.10.52:121][212]LogModuleManager: Shutting down and abandoning module LinuxTargetPlatform (115)
[2018.06.08-22.10.52:121][212]LogModuleManager: Shutting down and abandoning module LinuxServerTargetPlatform (113)
[2018.06.08-22.10.52:121][212]LogModuleManager: Shutting down and abandoning module LinuxNoEditorTargetPlatform (111)
[2018.06.08-22.10.52:121][212]LogModuleManager: Shutting down and abandoning module LinuxClientTargetPlatform (109)
[2018.06.08-22.10.52:121][212]LogModuleManager: Shutting down and abandoning module TVOSTargetPlatform (107)
[2018.06.08-22.10.52:121][212]LogModuleManager: Shutting down and abandoning module Messaging (105)
[2018.06.08-22.10.52:121][212]LogModuleManager: Shutting down and abandoning module IOSTargetPlatform (103)
[2018.06.08-22.10.52:121][212]LogModuleManager: Shutting down and abandoning module HTML5TargetPlatform (101)
[2018.06.08-22.10.52:121][212]LogModuleManager: Shutting down and abandoning module AndroidTargetPlatform (99)
[2018.06.08-22.10.52:121][212]LogModuleManager: Shutting down and abandoning module Android_PVRTCTargetPlatform (97)
[2018.06.08-22.10.52:121][212]LogModuleManager: Shutting down and abandoning module Android_MultiTargetPlatform (95)
[2018.06.08-22.10.52:121][212]LogModuleManager: Shutting down and abandoning module Android_ETC2TargetPlatform (93)
[2018.06.08-22.10.52:121][212]LogModuleManager: Shutting down and abandoning module Android_ETC1TargetPlatform (91)
[2018.06.08-22.10.52:121][212]LogModuleManager: Shutting down and abandoning module Android_DXTTargetPlatform (89)
[2018.06.08-22.10.52:121][212]LogModuleManager: Shutting down and abandoning module Android_ATCTargetPlatform (87)
[2018.06.08-22.10.52:121][212]LogModuleManager: Shutting down and abandoning module Android_ASTCTargetPlatform (85)
[2018.06.08-22.10.52:121][212]LogModuleManager: Shutting down and abandoning module WindowsTargetPlatform (83)
[2018.06.08-22.10.52:121][212]LogModuleManager: Shutting down and abandoning module WindowsServerTargetPlatform (81)
[2018.06.08-22.10.52:121][212]LogModuleManager: Shutting down and abandoning module WindowsNoEditorTargetPlatform (79)
[2018.06.08-22.10.52:121][212]LogModuleManager: Shutting down and abandoning module WindowsClientTargetPlatform (77)
[2018.06.08-22.10.52:121][212]LogModuleManager: Shutting down and abandoning module MacTargetPlatform (75)
[2018.06.08-22.10.52:121][212]LogModuleManager: Shutting down and abandoning module MacServerTargetPlatform (73)
[2018.06.08-22.10.52:121][212]LogModuleManager: Shutting down and abandoning module MacNoEditorTargetPlatform (71)
[2018.06.08-22.10.52:121][212]LogModuleManager: Shutting down and abandoning module MacClientTargetPlatform (69)
[2018.06.08-22.10.52:121][212]LogModuleManager: Shutting down and abandoning module AllDesktopTargetPlatform (67)
[2018.06.08-22.10.52:121][212]LogModuleManager: Shutting down and abandoning module InputCore (64)
[2018.06.08-22.10.52:121][212]LogModuleManager: Shutting down and abandoning module Settings (62)
[2018.06.08-22.10.52:121][212]LogModuleManager: Shutting down and abandoning module PhysXCooking (60)
[2018.06.08-22.10.52:121][212]LogModuleManager: Shutting down and abandoning module SteamVR (58)
[2018.06.08-22.10.52:121][212]LogModuleManager: Shutting down and abandoning module OculusHMD (56)
[2018.06.08-22.10.52:168][212]LogModuleManager: Shutting down and abandoning module ExampleDeviceProfileSelector (54)
[2018.06.08-22.10.52:168][212]LogModuleManager: Shutting down and abandoning module AppleARKit (52)
[2018.06.08-22.10.52:168][212]LogModuleManager: Shutting down and abandoning module AugmentedReality (51)
[2018.06.08-22.10.52:168][212]LogModuleManager: Shutting down and abandoning module OnlineBlueprintSupport (48)
[2018.06.08-22.10.52:168][212]LogModuleManager: Shutting down and abandoning module OnlineSubsystem (44)
[2018.06.08-22.10.52:296][212]LogModuleManager: Shutting down and abandoning module XMPP (43)
[2018.06.08-22.10.52:397][212]LogModuleManager: Shutting down and abandoning module HTTP (41)
[2018.06.08-22.10.52:397][212]LogHttp: Display: Http module shutting down, but needs to wait on 1 outstanding Http requests:
[2018.06.08-22.10.52:420][212]LogHttp: Display: 	verb=[POST] url=[https://datarouter.ol.epicgames.com/datarouter/api/v1/public/data?SessionID=%7BAB2581F5-4342-7562-0AB3-A78BE6044E10%7D&AppID=UEEditor.Rocket.Release&AppVersion=4.18.3-3832480%2B%2B%2BUE4%2BRelease-4.18&UserID=e1ca25a24404b212661a2582f0b5c5d4%7C366e202f1c974f869da3d885854b6a1d%7Ca912f899-44bb-4c9a-a7f0-d9b934be5e49&AppEnvironment=datacollector-binary&UploadType=eteventstream] status=Processing
[2018.06.08-22.10.52:446][212]LogModuleManager: Shutting down and abandoning module SSL (40)
[2018.06.08-22.10.52:496][212]LogModuleManager: Shutting down and abandoning module AnimationModifiers (36)
[2018.06.08-22.10.52:594][212]LogModuleManager: Shutting down and abandoning module PropertyEditor (35)
[2018.06.08-22.10.52:594][212]LogModuleManager: Shutting down and abandoning module AudioEditor (32)
[2018.06.08-22.10.52:714][212]LogModuleManager: Shutting down and abandoning module TextureCompressor (30)
[2018.06.08-22.10.52:714][212]LogModuleManager: Shutting down and abandoning module ShaderCore (28)
[2018.06.08-22.10.52:714][212]LogModuleManager: Shutting down and abandoning module Landscape (26)
[2018.06.08-22.10.52:714][212]LogModuleManager: Shutting down and abandoning module SlateRHIRenderer (24)
[2018.06.08-22.10.52:850][212]LogModuleManager: Shutting down and abandoning module OpenGLDrv (22)
[2018.06.08-22.10.52:907][212]LogModuleManager: Shutting down and abandoning module D3D11RHI (20)
[2018.06.08-22.10.52:907][212]LogModuleManager: Shutting down and abandoning module AnimGraphRuntime (18)
[2018.06.08-22.10.52:959][212]LogModuleManager: Shutting down and abandoning module Renderer (16)
[2018.06.08-22.10.52:959][212]LogModuleManager: Shutting down and abandoning module Engine (14)
[2018.06.08-22.10.52:982][212]LogModuleManager: Shutting down and abandoning module CoreUObject (12)
[2018.06.08-22.10.52:982][212]LogModuleManager: Shutting down and abandoning module NetworkFile (10)
[2018.06.08-22.10.52:982][212]LogModuleManager: Shutting down and abandoning module CookedIterativeFile (8)
[2018.06.08-22.10.52:982][212]LogModuleManager: Shutting down and abandoning module StreamingFile (6)
[2018.06.08-22.10.52:982][212]LogModuleManager: Shutting down and abandoning module SandboxFile (4)
[2018.06.08-22.10.52:982][212]LogModuleManager: Shutting down and abandoning module PakFile (2)
[2018.06.08-22.10.53:158][212]LogExit: Exiting.
[2018.06.08-22.10.53:170][212]Log file closed, 06/08/18 17:10:53
