Log file open, 09/07/18 19:10:56
LogWindows: Failed to load 'aqProf.dll' (GetLastError=126)
LogWindows: File 'aqProf.dll' does not exist
LogWindows: Failed to load 'VSPerf140.dll' (GetLastError=126)
LogWindows: File 'VSPerf140.dll' does not exist
LogWindows: Failed to load 'VtuneApi.dll' (GetLastError=126)
LogWindows: File 'VtuneApi.dll' does not exist
LogWindows: Failed to load 'VtuneApi32e.dll' (GetLastError=126)
LogWindows: File 'VtuneApi32e.dll' does not exist
LogInit: Display: Running engine for game: Slackurbator
LogPlatformFile: Not using cached read wrapper
LogInit: Display: RandInit(1664158679) SRandInit(1664158679).
LogInit: Read version file with build ID '3709383'
LogInit: Overriding engine version to CL 3832480, compatible CL 3709383
LogInit: Registered custom module enumerator with build ID '3709383'
LogTaskGraph: Started task graph with 5 named threads and 14 total threads with 3 sets of task threads.
LogStats: Stats thread started at 0.152660
LogD3D11RHI: Aftermath initialized
LogPluginManager: Mounting plugin Paper2D
LogPluginManager: Mounting plugin LightPropagationVolume
LogPluginManager: Mounting plugin CodeLiteSourceCodeAccess
LogPluginManager: Mounting plugin GitSourceControl
LogPluginManager: Mounting plugin KDevelopSourceCodeAccess
LogPluginManager: Mounting plugin NullSourceCodeAccess
LogPluginManager: Mounting plugin PerforceSourceControl
LogPluginManager: Mounting plugin SubversionSourceControl
LogPluginManager: Mounting plugin UObjectPlugin
LogPluginManager: Mounting plugin VisualStudioCodeSourceCodeAccess
LogPluginManager: Mounting plugin VisualStudioSourceCodeAccess
LogPluginManager: Mounting plugin XCodeSourceCodeAccess
LogPluginManager: Mounting plugin AssetManagerEditor
LogPluginManager: Mounting plugin AudioCapture
LogPluginManager: Mounting plugin FacialAnimation
LogPluginManager: Mounting plugin GameplayTagsEditor
LogPluginManager: Mounting plugin MobileLauncherProfileWizard
LogPluginManager: Mounting plugin PluginBrowser
LogPluginManager: Mounting plugin SpeedTreeImporter
LogPluginManager: Mounting plugin AlembicImporter
LogPluginManager: Mounting plugin CharacterAI
LogPluginManager: Mounting plugin HTML5Networking
LogPluginManager: Mounting plugin AndroidMedia
LogPluginManager: Mounting plugin AvfMedia
LogPluginManager: Mounting plugin ImgMedia
LogPluginManager: Mounting plugin MediaCompositing
LogPluginManager: Mounting plugin MediaPlayerEditor
LogPluginManager: Mounting plugin WmfMedia
LogPluginManager: Mounting plugin TcpMessaging
LogPluginManager: Mounting plugin UdpMessaging
LogPluginManager: Mounting plugin ActorSequence
LogPluginManager: Mounting plugin LevelSequenceEditor
LogPluginManager: Mounting plugin MatineeToLevelSequence
LogPluginManager: Mounting plugin OnlineSubsystemGooglePlay
LogPluginManager: Mounting plugin OnlineSubsystemIOS
LogPluginManager: Mounting plugin OnlineSubsystem
LogPluginManager: Mounting plugin OnlineSubsystemNull
LogPluginManager: Mounting plugin OnlineSubsystemUtils
LogPluginManager: Mounting plugin AndroidDeviceProfileSelector
LogPluginManager: Mounting plugin AndroidMoviePlayer
LogPluginManager: Mounting plugin AndroidPermission
LogPluginManager: Mounting plugin AppleARKit
LogPluginManager: Mounting plugin AppleMoviePlayer
LogPluginManager: Mounting plugin ArchVisCharacter
LogPluginManager: Mounting plugin CableComponent
LogPluginManager: Mounting plugin CustomMeshComponent
LogPluginManager: Mounting plugin ExampleDeviceProfileSelector
LogPluginManager: Mounting plugin GoogleCloudMessaging
LogPluginManager: Mounting plugin ImmediatePhysics
LogPluginManager: Mounting plugin IOSDeviceProfileSelector
LogPluginManager: Mounting plugin LinuxDeviceProfileSelector
LogPluginManager: Mounting plugin LocationServicesBPLibrary
LogPluginManager: Mounting plugin MobilePatchingUtils
LogPluginManager: Mounting plugin OculusVR
LogPluginManager: Plugin shader directory ../../../Engine/Plugins/Runtime/Oculus/OculusVR/Shaders found
LogPluginManager: Mapping shader source directory ../../../Engine/Plugins/Runtime/Oculus/OculusVR/Shaders to virtual directory /Plugin/OculusVR
LogPluginManager: Mounting plugin PhysXVehicles
LogPluginManager: Mounting plugin ProceduralMeshComponent
LogPluginManager: Mounting plugin RuntimePhysXCooking
LogPluginManager: Mounting plugin SteamVR
LogPluginManager: Mounting plugin WebBrowserWidget
LogPluginManager: Mounting plugin WindowsMoviePlayer
LogModuleManager: Display: Found up-to-date module file ../../../../SideHustle/Git/Slackurbator/Slackurbator/Binaries/Win64/UE4Editor-Slackurbator-3555.dll (API version 3709383).
LogModuleManager: Display: Found up-to-date module file ../../../Engine/Plugins/2D/Paper2D/Binaries/Win64/UE4Editor-Paper2D.dll (API version 3709383).
LogModuleManager: Display: Found up-to-date module file ../../../Engine/Plugins/2D/Paper2D/Binaries/Win64/UE4Editor-Paper2DEditor.dll (API version 3709383).
LogModuleManager: Display: Found up-to-date module file ../../../Engine/Plugins/2D/Paper2D/Binaries/Win64/UE4Editor-PaperSpriteSheetImporter.dll (API version 3709383).
LogModuleManager: Display: Found up-to-date module file ../../../Engine/Plugins/2D/Paper2D/Binaries/Win64/UE4Editor-PaperTiledImporter.dll (API version 3709383).
LogModuleManager: Display: Found up-to-date module file ../../../Engine/Plugins/2D/Paper2D/Binaries/Win64/UE4Editor-SmartSnapping.dll (API version 3709383).
LogModuleManager: Display: Found up-to-date module file ../../../Engine/Plugins/Blendables/LightPropagationVolume/Binaries/Win64/UE4Editor-LightPropagationVolumeRuntime.dll (API version 3709383).
LogModuleManager: Display: Found up-to-date module file ../../../Engine/Plugins/Blendables/LightPropagationVolume/Binaries/Win64/UE4Editor-LightPropagationVolumeEditor.dll (API version 3709383).
LogModuleManager: Display: Found up-to-date module file ../../../Engine/Plugins/Developer/GitSourceControl/Binaries/Win64/UE4Editor-GitSourceControl.dll (API version 3709383).
LogModuleManager: Display: Found up-to-date module file ../../../Engine/Plugins/Developer/PerforceSourceControl/Binaries/Win64/UE4Editor-PerforceSourceControl.dll (API version 3709383).
LogModuleManager: Display: Found up-to-date module file ../../../Engine/Plugins/Developer/SubversionSourceControl/Binaries/Win64/UE4Editor-SubversionSourceControl.dll (API version 3709383).
LogModuleManager: Display: Found up-to-date module file ../../../Engine/Plugins/Developer/UObjectPlugin/Binaries/Win64/UE4Editor-UObjectPlugin.dll (API version 3709383).
LogModuleManager: Display: Found up-to-date module file ../../../Engine/Plugins/Developer/VisualStudioCodeSourceCodeAccess/Binaries/Win64/UE4Editor-VisualStudioCodeSourceCodeAccess.dll (API version 3709383).
LogModuleManager: Display: Found up-to-date module file ../../../Engine/Plugins/Developer/VisualStudioSourceCodeAccess/Binaries/Win64/UE4Editor-VisualStudioSourceCodeAccess.dll (API version 3709383).
LogModuleManager: Display: Found up-to-date module file ../../../Engine/Plugins/Editor/AssetManagerEditor/Binaries/Win64/UE4Editor-AssetManagerEditor.dll (API version 3709383).
LogModuleManager: Display: Found up-to-date module file ../../../Engine/Plugins/Editor/AudioCapture/Binaries/Win64/UE4Editor-AudioCapture.dll (API version 3709383).
LogModuleManager: Display: Found up-to-date module file ../../../Engine/Plugins/Editor/FacialAnimation/Binaries/Win64/UE4Editor-FacialAnimation.dll (API version 3709383).
LogModuleManager: Display: Found up-to-date module file ../../../Engine/Plugins/Editor/FacialAnimation/Binaries/Win64/UE4Editor-FacialAnimationEditor.dll (API version 3709383).
LogModuleManager: Display: Found up-to-date module file ../../../Engine/Plugins/Editor/GameplayTagsEditor/Binaries/Win64/UE4Editor-GameplayTagsEditor.dll (API version 3709383).
LogModuleManager: Display: Found up-to-date module file ../../../Engine/Plugins/Editor/MobileLauncherProfileWizard/Binaries/Win64/UE4Editor-MobileLauncherProfileWizard.dll (API version 3709383).
LogModuleManager: Display: Found up-to-date module file ../../../Engine/Plugins/Editor/PluginBrowser/Binaries/Win64/UE4Editor-PluginBrowser.dll (API version 3709383).
LogModuleManager: Display: Found up-to-date module file ../../../Engine/Plugins/Editor/SpeedTreeImporter/Binaries/Win64/UE4Editor-SpeedTreeImporter.dll (API version 3709383).
LogModuleManager: Display: Found up-to-date module file ../../../Engine/Plugins/Experimental/AlembicImporter/Binaries/Win64/UE4Editor-AlembicImporter.dll (API version 3709383).
LogModuleManager: Display: Found up-to-date module file ../../../Engine/Plugins/Experimental/AlembicImporter/Binaries/Win64/UE4Editor-AlembicLibrary.dll (API version 3709383).
LogModuleManager: Display: Found up-to-date module file ../../../Engine/Plugins/Experimental/CharacterAI/Binaries/Win64/UE4Editor-CharacterAI.dll (API version 3709383).
LogModuleManager: Display: Found up-to-date module file ../../../Engine/Plugins/Experimental/HTML5Networking/Binaries/Win64/UE4Editor-HTML5Networking.dll (API version 3709383).
LogModuleManager: Display: Found up-to-date module file ../../../Engine/Plugins/Media/AndroidMedia/Binaries/Win64/UE4Editor-AndroidMediaEditor.dll (API version 3709383).
LogModuleManager: Display: Found up-to-date module file ../../../Engine/Plugins/Media/AndroidMedia/Binaries/Win64/UE4Editor-AndroidMediaFactory.dll (API version 3709383).
LogModuleManager: Display: Found up-to-date module file ../../../Engine/Plugins/Media/AvfMedia/Binaries/Win64/UE4Editor-AvfMediaEditor.dll (API version 3709383).
LogModuleManager: Display: Found up-to-date module file ../../../Engine/Plugins/Media/AvfMedia/Binaries/Win64/UE4Editor-AvfMediaFactory.dll (API version 3709383).
LogModuleManager: Display: Found up-to-date module file ../../../Engine/Plugins/Media/AvfMedia/Binaries/Win64/UE4Editor-AvfMediaFactory.dll (API version 3709383).
LogModuleManager: Display: Found up-to-date module file ../../../Engine/Plugins/Media/ImgMedia/Binaries/Win64/UE4Editor-ImgMedia.dll (API version 3709383).
LogModuleManager: Display: Found up-to-date module file ../../../Engine/Plugins/Media/ImgMedia/Binaries/Win64/UE4Editor-ImgMediaEditor.dll (API version 3709383).
LogModuleManager: Display: Found up-to-date module file ../../../Engine/Plugins/Media/ImgMedia/Binaries/Win64/UE4Editor-ImgMediaFactory.dll (API version 3709383).
LogModuleManager: Display: Found up-to-date module file ../../../Engine/Plugins/Media/ImgMedia/Binaries/Win64/UE4Editor-ImgMediaFactory.dll (API version 3709383).
LogModuleManager: Display: Found up-to-date module file ../../../Engine/Plugins/Media/ImgMedia/Binaries/Win64/UE4Editor-OpenExrWrapper.dll (API version 3709383).
LogModuleManager: Display: Found up-to-date module file ../../../Engine/Plugins/Media/MediaCompositing/Binaries/Win64/UE4Editor-MediaCompositing.dll (API version 3709383).
LogModuleManager: Display: Found up-to-date module file ../../../Engine/Plugins/Media/MediaCompositing/Binaries/Win64/UE4Editor-MediaCompositingEditor.dll (API version 3709383).
LogModuleManager: Display: Found up-to-date module file ../../../Engine/Plugins/Media/MediaPlayerEditor/Binaries/Win64/UE4Editor-MediaPlayerEditor.dll (API version 3709383).
LogModuleManager: Display: Found up-to-date module file ../../../Engine/Plugins/Media/WmfMedia/Binaries/Win64/UE4Editor-WmfMedia.dll (API version 3709383).
LogModuleManager: Display: Found up-to-date module file ../../../Engine/Plugins/Media/WmfMedia/Binaries/Win64/UE4Editor-WmfMediaEditor.dll (API version 3709383).
LogModuleManager: Display: Found up-to-date module file ../../../Engine/Plugins/Media/WmfMedia/Binaries/Win64/UE4Editor-WmfMediaFactory.dll (API version 3709383).
LogModuleManager: Display: Found up-to-date module file ../../../Engine/Plugins/Media/WmfMedia/Binaries/Win64/UE4Editor-WmfMediaFactory.dll (API version 3709383).
LogModuleManager: Display: Found up-to-date module file ../../../Engine/Plugins/Messaging/TcpMessaging/Binaries/Win64/UE4Editor-TcpMessaging.dll (API version 3709383).
LogModuleManager: Display: Found up-to-date module file ../../../Engine/Plugins/Messaging/UdpMessaging/Binaries/Win64/UE4Editor-UdpMessaging.dll (API version 3709383).
LogModuleManager: Display: Found up-to-date module file ../../../Engine/Plugins/MovieScene/ActorSequence/Binaries/Win64/UE4Editor-ActorSequence.dll (API version 3709383).
LogModuleManager: Display: Found up-to-date module file ../../../Engine/Plugins/MovieScene/LevelSequenceEditor/Binaries/Win64/UE4Editor-LevelSequenceEditor.dll (API version 3709383).
LogModuleManager: Display: Found up-to-date module file ../../../Engine/Plugins/MovieScene/MatineeToLevelSequence/Binaries/Win64/UE4Editor-MatineeToLevelSequence.dll (API version 3709383).
LogModuleManager: Display: Found up-to-date module file ../../../Engine/Plugins/Online/OnlineSubsystem/Binaries/Win64/UE4Editor-OnlineSubsystem.dll (API version 3709383).
LogModuleManager: Display: Found up-to-date module file ../../../Engine/Plugins/Online/OnlineSubsystemNull/Binaries/Win64/UE4Editor-OnlineSubsystemNull.dll (API version 3709383).
LogModuleManager: Display: Found up-to-date module file ../../../Engine/Plugins/Online/OnlineSubsystemUtils/Binaries/Win64/UE4Editor-OnlineSubsystemUtils.dll (API version 3709383).
LogModuleManager: Display: Found up-to-date module file ../../../Engine/Plugins/Online/OnlineSubsystemUtils/Binaries/Win64/UE4Editor-OnlineBlueprintSupport.dll (API version 3709383).
LogModuleManager: Display: Found up-to-date module file ../../../Engine/Plugins/Runtime/AndroidDeviceProfileSelector/Binaries/Win64/UE4Editor-AndroidDeviceProfileSelector.dll (API version 3709383).
LogModuleManager: Display: Found up-to-date module file ../../../Engine/Plugins/Runtime/AndroidPermission/Binaries/Win64/UE4Editor-AndroidPermission.dll (API version 3709383).
LogModuleManager: Display: Found up-to-date module file ../../../Engine/Plugins/Runtime/AppleARKit/Binaries/Win64/UE4Editor-AppleARKit.dll (API version 3709383).
LogModuleManager: Display: Found up-to-date module file ../../../Engine/Plugins/Runtime/ArchVisCharacter/Binaries/Win64/UE4Editor-ArchVisCharacter.dll (API version 3709383).
LogModuleManager: Display: Found up-to-date module file ../../../Engine/Plugins/Runtime/CableComponent/Binaries/Win64/UE4Editor-CableComponent.dll (API version 3709383).
LogModuleManager: Display: Found up-to-date module file ../../../Engine/Plugins/Runtime/CustomMeshComponent/Binaries/Win64/UE4Editor-CustomMeshComponent.dll (API version 3709383).
LogModuleManager: Display: Found up-to-date module file ../../../Engine/Plugins/Runtime/ExampleDeviceProfileSelector/Binaries/Win64/UE4Editor-ExampleDeviceProfileSelector.dll (API version 3709383).
LogModuleManager: Display: Found up-to-date module file ../../../Engine/Plugins/Runtime/ImmediatePhysics/Binaries/Win64/UE4Editor-ImmediatePhysics.dll (API version 3709383).
LogModuleManager: Display: Found up-to-date module file ../../../Engine/Plugins/Runtime/ImmediatePhysics/Binaries/Win64/UE4Editor-ImmediatePhysicsEditor.dll (API version 3709383).
LogModuleManager: Display: Found up-to-date module file ../../../Engine/Plugins/Runtime/LocationServicesBPLibrary/Binaries/Win64/UE4Editor-LocationServicesBPLibrary.dll (API version 3709383).
LogModuleManager: Display: Found up-to-date module file ../../../Engine/Plugins/Runtime/MobilePatchingUtils/Binaries/Win64/UE4Editor-MobilePatchingUtils.dll (API version 3709383).
LogModuleManager: Display: Found up-to-date module file ../../../Engine/Plugins/Runtime/Oculus/OculusVR/Binaries/Win64/UE4Editor-OculusHMD.dll (API version 3709383).
LogModuleManager: Display: Found up-to-date module file ../../../Engine/Plugins/Runtime/Oculus/OculusVR/Binaries/Win64/UE4Editor-OculusInput.dll (API version 3709383).
LogModuleManager: Display: Found up-to-date module file ../../../Engine/Plugins/Runtime/Oculus/OculusVR/Binaries/Win64/UE4Editor-OculusEditor.dll (API version 3709383).
LogModuleManager: Display: Found up-to-date module file ../../../Engine/Plugins/Runtime/PhysXVehicles/Binaries/Win64/UE4Editor-PhysXVehicles.dll (API version 3709383).
LogModuleManager: Display: Found up-to-date module file ../../../Engine/Plugins/Runtime/PhysXVehicles/Binaries/Win64/UE4Editor-PhysXVehiclesEditor.dll (API version 3709383).
LogModuleManager: Display: Found up-to-date module file ../../../Engine/Plugins/Runtime/ProceduralMeshComponent/Binaries/Win64/UE4Editor-ProceduralMeshComponent.dll (API version 3709383).
LogModuleManager: Display: Found up-to-date module file ../../../Engine/Plugins/Runtime/ProceduralMeshComponent/Binaries/Win64/UE4Editor-ProceduralMeshComponentEditor.dll (API version 3709383).
LogModuleManager: Display: Found up-to-date module file ../../../Engine/Plugins/Runtime/RuntimePhysXCooking/Binaries/Win64/UE4Editor-RuntimePhysXCooking.dll (API version 3709383).
LogModuleManager: Display: Found up-to-date module file ../../../Engine/Plugins/Runtime/Steam/SteamVR/Binaries/Win64/UE4Editor-SteamVR.dll (API version 3709383).
LogModuleManager: Display: Found up-to-date module file ../../../Engine/Plugins/Runtime/Steam/SteamVR/Binaries/Win64/UE4Editor-SteamVRController.dll (API version 3709383).
LogModuleManager: Display: Found up-to-date module file ../../../Engine/Plugins/Runtime/WebBrowserWidget/Binaries/Win64/UE4Editor-WebBrowserWidget.dll (API version 3709383).
LogModuleManager: Display: Found up-to-date module file ../../../Engine/Plugins/Runtime/WindowsMoviePlayer/Binaries/Win64/UE4Editor-WindowsMoviePlayer.dll (API version 3709383).
LogInit: Using libcurl 7.47.1
LogInit:  - built for x86_64-pc-win32
LogInit:  - supports SSL with OpenSSL/1.0.2g
LogInit:  - supports HTTP deflate (compression) using libz 1.2.8
LogInit:  - other features:
LogInit:      CURL_VERSION_SSL
LogInit:      CURL_VERSION_LIBZ
LogInit:      CURL_VERSION_IPV6
LogInit:      CURL_VERSION_ASYNCHDNS
LogInit:      CURL_VERSION_LARGEFILE
LogInit:      CURL_VERSION_IDN
LogInit:  CurlRequestOptions (configurable via config and command line):
LogInit:  - bVerifyPeer = false  - Libcurl will NOT verify peer certificate
LogInit:  - bUseHttpProxy = false  - Libcurl will NOT use HTTP proxy
LogInit:  - bDontReuseConnections = false  - Libcurl will reuse connections
LogInit:  - CertBundlePath = nullptr  - Libcurl will use whatever was configured at build time.
LogInit: Build: ++UE4+Release-4.18-CL-3832480
LogInit: Engine Version: 4.18.3-3832480+++UE4+Release-4.18
LogInit: Compatible Engine Version: 4.18.0-3709383+++UE4+Release-4.18
LogInit: Net CL: 3709383
LogDevObjectVersion: Number of dev versions registered: 16
LogDevObjectVersion:   Dev-Blueprints (B0D832E4-1F89-4F0D-ACCF-7EB736FD4AA2): 10
LogDevObjectVersion:   Dev-Build (E1C64328-A22C-4D53-A36C-8E866417BD8C): 0
LogDevObjectVersion:   Dev-Core (375EC13C-06E4-48FB-B500-84F0262A717E): 2
LogDevObjectVersion:   Dev-Editor (E4B068ED-F494-42E9-A231-DA0B2E46BB41): 20
LogDevObjectVersion:   Dev-Framework (CFFC743F-43B0-4480-9391-14DF171D2073): 30
LogDevObjectVersion:   Dev-Mobile (B02B49B5-BB20-44E9-A304-32B752E40360): 0
LogDevObjectVersion:   Dev-Networking (A4E4105C-59A1-49B5-A7C5-40C4547EDFEE): 0
LogDevObjectVersion:   Dev-Online (39C831C9-5AE6-47DC-9A44-9C173E1C8E7C): 0
LogDevObjectVersion:   Dev-Physics (78F01B33-EBEA-4F98-B9B4-84EACCB95AA2): 0
LogDevObjectVersion:   Dev-Platform (6631380F-2D4D-43E0-8009-CF276956A95A): 0
LogDevObjectVersion:   Dev-Rendering (12F88B9F-8875-4AFC-A67C-D90C383ABD29): 20
LogDevObjectVersion:   Dev-Sequencer (7B5AE74C-D270-4C10-A958-57980B212A5A): 4
LogDevObjectVersion:   Dev-VR (D7296918-1DD6-4BDD-9DE2-64A83CC13884): 0
LogDevObjectVersion:   Dev-LoadTimes (C2A15278-BFE7-4AFE-6C17-90FF531DF755): 1
LogDevObjectVersion:   Private-Geometry (6EACA3D4-40EC-4CC1-B786-8BED09428FC5): 1
LogDevObjectVersion:   Dev-AnimPhys (29E575DD-E0A3-4627-9D10-D276232CDCEA): 12
LogInit: Compiled (64-bit): Jan 12 2018 02:04:55
LogInit: Compiled with Visual C++: 19.00.24215.01
LogInit: Build Configuration: Development
LogInit: Branch Name: ++UE4+Release-4.18
LogInit: Command line:  
LogInit: Base directory: D:/UE_4.18/Engine/Binaries/Win64/
LogInit: Installed Engine Build: 1
LogInit: Presizing for max 8388607 objects, including 0 objects not considered by GC, pre-allocating 0 bytes for permanent pool.
LogInit: Object subsystem initialized
[2018.09.08-02.10.57:100][  0]LogInit: Selected Device Profile: [Windows]
[2018.09.08-02.10.57:101][  0]LogInit: Applying CVar settings loaded from the selected device profile: [Windows]
[2018.09.08-02.10.57:109][  0]LogInit: Computer: DESKTOP-ROO3UG5
[2018.09.08-02.10.57:109][  0]LogInit: User: peter
[2018.09.08-02.10.57:109][  0]LogInit: CPU Page size=4096, Cores=4
[2018.09.08-02.10.57:109][  0]LogInit: High frequency timer resolution =4.101567 MHz
[2018.09.08-02.10.57:109][  0]LogMemory: Memory total: Physical=16.0GB (16GB approx)
[2018.09.08-02.10.57:109][  0]LogMemory: Platform Memory Stats for Windows
[2018.09.08-02.10.57:109][  0]LogMemory: Process Physical Memory: 273.06 MB used, 273.06 MB peak
[2018.09.08-02.10.57:109][  0]LogMemory: Process Virtual Memory: 269.92 MB used, 269.92 MB peak
[2018.09.08-02.10.57:109][  0]LogMemory: Physical Memory: 4724.11 MB used,  11617.55 MB free, 16341.66 MB total
[2018.09.08-02.10.57:109][  0]LogMemory: Virtual Memory: 4779.88 MB used,  11617.55 MB free, 134217728.00 MB total
[2018.09.08-02.10.57:183][  0]LogInit: Using OS detected language (en-US).
[2018.09.08-02.10.57:183][  0]LogInit: Using OS detected locale (en-US).
[2018.09.08-02.10.57:185][  0]LogTextLocalizationManager: No specific localization for 'en-US' exists, so the 'en' localization will be used.
[2018.09.08-02.10.57:464][  0]LogInit: Setting process to per monitor DPI aware
[2018.09.08-02.10.57:629][  0]LogD3D11RHI: D3D11 adapters:
[2018.09.08-02.10.57:666][  0]LogD3D11RHI:    0. 'NVIDIA GeForce GTX 1080' (Feature Level 11_0)
[2018.09.08-02.10.57:666][  0]LogD3D11RHI:       8079/0/8170 MB DedicatedVideo/DedicatedSystem/SharedSystem, Outputs:2, VendorId:0x10de
[2018.09.08-02.10.57:668][  0]LogD3D11RHI:    1. 'Microsoft Basic Render Driver' (Feature Level 11_0)
[2018.09.08-02.10.57:668][  0]LogD3D11RHI:       0/0/8170 MB DedicatedVideo/DedicatedSystem/SharedSystem, Outputs:0, VendorId:0x1414
[2018.09.08-02.10.57:668][  0]LogD3D11RHI: Chosen D3D11 Adapter: 0
[2018.09.08-02.10.57:674][  0]LogD3D11RHI: Creating new Direct3DDevice
[2018.09.08-02.10.57:674][  0]LogD3D11RHI:     GPU DeviceId: 0x1b80 (for the marketing name, search the web for "GPU Device Id")
[2018.09.08-02.10.57:674][  0]LogWindows: EnumDisplayDevices:
[2018.09.08-02.10.57:674][  0]LogWindows:    0. 'NVIDIA GeForce GTX 1080' (P:0 D:1)
[2018.09.08-02.10.57:674][  0]LogWindows:    1. 'NVIDIA GeForce GTX 1080' (P:1 D:1)
[2018.09.08-02.10.57:674][  0]LogWindows:    2. 'NVIDIA GeForce GTX 1080' (P:0 D:0)
[2018.09.08-02.10.57:674][  0]LogWindows:    3. 'NVIDIA GeForce GTX 1080' (P:0 D:0)
[2018.09.08-02.10.57:674][  0]LogWindows: DebugString: GetVideoDriverDetailsInvalid PrimaryIsNotTheChoosenAdapter GetVideoDriverDetailsInvalid PrimaryIsNotTheChoosenAdapter GetVideoDriverDetailsInvalid PrimaryIsNotTheChoosenAdapter GetVideoDriverDetailsInvalid PrimaryIsNotTheChoosenAdapter FoundDriverCount:0 
[2018.09.08-02.10.57:674][  0]LogD3D11RHI:     Adapter Name: NVIDIA GeForce GTX 1080
[2018.09.08-02.10.57:674][  0]LogD3D11RHI:   Driver Version: Unknown (internal:Unknown, unified:Unknown)
[2018.09.08-02.10.57:674][  0]LogD3D11RHI:      Driver Date: Unknown
[2018.09.08-02.10.57:674][  0]LogRHI: Texture pool is 5655 MB (70% of 8079 MB)
[2018.09.08-02.10.57:696][  0]LogD3D11RHI: Async texture creation enabled
[2018.09.08-02.10.57:745][  0]LogD3D11RHI: GPU Timing Frequency: 1000.000000 (Debug: 2 2)
[2018.09.08-02.10.57:841][  0]LogShaderCompilers: Guid format shader working directory is -7 characters bigger than the processId version (../../../../SideHustle/Git/Slackurbator/Slackurbator/Intermediate/Shaders/WorkingDirectory/12996/).
[2018.09.08-02.10.57:841][  0]LogShaderCompilers: Cleaned the shader compiler working directory 'C:/Users/peter/AppData/Local/Temp/UnrealShaderWorkingDir/1557E79E48FE34A2B48CE4BFB97892FD/'.
[2018.09.08-02.10.57:841][  0]LogShaderCompilers: Display: Using Local Shader Compiler.
[2018.09.08-02.10.58:431][  0]LogTemp: Display: Loaded TP AllDesktopTargetPlatform
[2018.09.08-02.10.58:465][  0]LogTemp: Display: Loaded TP MacClientTargetPlatform
[2018.09.08-02.10.58:495][  0]LogTemp: Display: Loaded TP MacNoEditorTargetPlatform
[2018.09.08-02.10.58:523][  0]LogTemp: Display: Loaded TP MacServerTargetPlatform
[2018.09.08-02.10.58:557][  0]LogTemp: Display: Loaded TP MacTargetPlatform
[2018.09.08-02.10.58:586][  0]LogTemp: Display: Loaded TP WindowsClientTargetPlatform
[2018.09.08-02.10.58:615][  0]LogTemp: Display: Loaded TP WindowsNoEditorTargetPlatform
[2018.09.08-02.10.58:655][  0]LogTemp: Display: Loaded TP WindowsServerTargetPlatform
[2018.09.08-02.10.58:680][  0]LogTemp: Display: Loaded TP WindowsTargetPlatform
[2018.09.08-02.10.58:719][  0]LogTemp: Display: Loaded TP Android_ASTCTargetPlatform
[2018.09.08-02.10.58:748][  0]LogTemp: Display: Loaded TP Android_ATCTargetPlatform
[2018.09.08-02.10.58:775][  0]LogTemp: Display: Loaded TP Android_DXTTargetPlatform
[2018.09.08-02.10.58:803][  0]LogTemp: Display: Loaded TP Android_ETC1TargetPlatform
[2018.09.08-02.10.58:829][  0]LogTemp: Display: Loaded TP Android_ETC2TargetPlatform
[2018.09.08-02.10.58:887][  0]LogTemp: Display: Loaded TP Android_MultiTargetPlatform
[2018.09.08-02.10.58:887][  0]LogTemp: Display: Loaded TP Android_PVRTCTargetPlatform
[2018.09.08-02.10.58:918][  0]LogTemp: Display: Loaded TP AndroidTargetPlatform
[2018.09.08-02.10.58:938][  0]LogTemp: Display: Loaded TP HTML5TargetPlatform
[2018.09.08-02.10.59:003][  0]LogTemp: Display: Loaded TP IOSTargetPlatform
[2018.09.08-02.10.59:018][  0]LogTemp: Display: Loaded TP TVOSTargetPlatform
[2018.09.08-02.10.59:053][  0]LogTemp: Display: Loaded TP LinuxClientTargetPlatform
[2018.09.08-02.10.59:084][  0]LogTemp: Display: Loaded TP LinuxNoEditorTargetPlatform
[2018.09.08-02.10.59:114][  0]LogTemp: Display: Loaded TP LinuxServerTargetPlatform
[2018.09.08-02.10.59:142][  0]LogTemp: Display: Loaded TP LinuxTargetPlatform
[2018.09.08-02.10.59:142][  0]LogTargetPlatformManager: Display: Building Assets For Windows
[2018.09.08-02.10.59:379][  0]LogDerivedDataCache: Display: Max Cache Size: 512 MB
[2018.09.08-02.10.59:433][  0]LogDerivedDataCache: Loaded boot cache 0.05s 79MB C:/Users/peter/AppData/Local/UnrealEngine/4.18/DerivedDataCache/Boot.ddc.
[2018.09.08-02.10.59:433][  0]LogDerivedDataCache: Display: Loaded Boot cache: C:/Users/peter/AppData/Local/UnrealEngine/4.18/DerivedDataCache/Boot.ddc
[2018.09.08-02.10.59:433][  0]LogDerivedDataCache: FDerivedDataBackendGraph:  Pak pak cache file ../../../../SideHustle/Git/Slackurbator/Slackurbator/DerivedDataCache/DDC.ddp not found, will not use a pak cache.
[2018.09.08-02.10.59:433][  0]LogDerivedDataCache: Unable to find inner node Pak for hierarchical cache Hierarchy.
[2018.09.08-02.10.59:433][  0]LogDerivedDataCache: FDerivedDataBackendGraph:  CompressedPak pak cache file ../../../../SideHustle/Git/Slackurbator/Slackurbator/DerivedDataCache/Compressed.ddp not found, will not use a pak cache.
[2018.09.08-02.10.59:433][  0]LogDerivedDataCache: Unable to find inner node CompressedPak for hierarchical cache Hierarchy.
[2018.09.08-02.10.59:444][  0]LogDerivedDataCache: Display: Pak cache opened for reading ../../../Engine/DerivedDataCache/Compressed.ddp.
[2018.09.08-02.10.59:456][  0]LogDerivedDataCache: Using Local data cache path C:/Users/peter/AppData/Local/UnrealEngine/Common/DerivedDataCache: Writable
[2018.09.08-02.10.59:463][  0]LogMaterial: Verifying Global Shaders for PCD3D_SM5
[2018.09.08-02.10.59:463][  0]LogSlate: Using Freetype 2.6.0
[2018.09.08-02.10.59:464][  0]LogSlate: SlateFontCache - WITH_FREETYPE: 1, WITH_HARFBUZZ: 1
[2018.09.08-02.10.59:464][  0]LogSlate: SlateFontCache - WITH_FREETYPE: 1, WITH_HARFBUZZ: 1
[2018.09.08-02.10.59:708][  0]LogInit: Selected Device Profile: [Windows]
[2018.09.08-02.10.59:842][  0]LogSimplygon: Simplygon DLL not present - disabling.
[2018.09.08-02.10.59:862][  0]LogMeshReduction: Using SimplygonSwarm for distributed automatic mesh merging
[2018.09.08-02.10.59:862][  0]LogMeshReduction: Using QuadricMeshReduction for automatic static mesh reduction
[2018.09.08-02.10.59:862][  0]LogMeshReduction: No automatic skeletal mesh reduction module available
[2018.09.08-02.10.59:862][  0]LogMeshReduction: No automatic mesh merging module available
[2018.09.08-02.10.59:862][  0]LogMeshMerging: No automatic mesh merging module available
[2018.09.08-02.10.59:932][  0]LogNetVersion: Slackurbator , NetCL: 3709383, EngineNetVer: 2, GameNetVer: 0 (Checksum: 4204774122)
[2018.09.08-02.11.00:047][  0]LogAssetRegistry: FAssetRegistry took 0.0251 seconds to start up
[2018.09.08-02.11.00:387][  0]LogPackageLocalizationCache: Processed 7 localized package path(s) for 2 prioritized culture(s) in 0.035586 seconds
[2018.09.08-02.11.00:391][  0]LogUObjectArray: 35870 objects as part of root set at end of initial load.
[2018.09.08-02.11.00:391][  0]LogUObjectAllocator: 7363696 out of 0 bytes used by permanent object pool.
[2018.09.08-02.11.00:391][  0]LogUObjectArray: CloseDisregardForGC: 0/0 objects in disregard for GC pool
[2018.09.08-02.11.00:416][  0]LogInit: WinSock: version 1.1 (2.2), MaxSocks=32767, MaxUdp=65467
[2018.09.08-02.11.02:908][  0]LogTcpMessaging: Initializing TcpMessaging bridge
[2018.09.08-02.11.02:935][  0]LogUdpMessaging: Initializing bridge on interface 0.0.0.0:0 to multicast group 230.0.0.1:6666.
[2018.09.08-02.11.03:619][  0]LogTexture: Display: Building textures: Temp (AutoDXT, 1024X1024)
[2018.09.08-02.11.03:812][  0]LogMaterial: Uniform references updated for custom material expression Custom.
[2018.09.08-02.11.04:059][  0]SourceControl: Source control is disabled
[2018.09.08-02.11.04:695][  0]LogAndroidPermission: UAndroidPermissionCallbackProxy::GetInstance
[2018.09.08-02.11.04:889][  0]LogOcInput: OculusInput pre-init called
[2018.09.08-02.11.05:048][  0]LogEngine: Initializing Engine...
[2018.09.08-02.11.05:050][  0]LogHMD: Failed to initialize OpenVR with code 110
[2018.09.08-02.11.05:194][  0]LogStats: UGameplayTagsManager::ConstructGameplayTagTree: Construct from data asset -  0.000 s
[2018.09.08-02.11.05:194][  0]LogStats: UGameplayTagsManager::ConstructGameplayTagTree: GameplayTagTreeChangedEvent.Broadcast -  0.000 s
[2018.09.08-02.11.05:279][  0]LogAIModule: Creating AISystem for world Untitled
[2018.09.08-02.11.05:292][  0]LogInit: XAudio2 using 'Speakers (Realtek High Definition Audio)' : 2 channels at 48 kHz using 32 bits per sample (channel mask 0x3)
[2018.09.08-02.11.05:312][  0]LogInit: FAudioDevice initialized.
[2018.09.08-02.11.05:446][  0]LogDerivedDataCache: Saved boot cache 0.13s 79MB C:/Users/peter/AppData/Local/UnrealEngine/4.18/DerivedDataCache/Boot.ddc.
[2018.09.08-02.11.05:452][  0]LogInit: Texture streaming: Enabled
[2018.09.08-02.11.05:528][  0]LogEngineSessionManager: EngineSessionManager initialized
[2018.09.08-02.11.05:601][  0]LogInit: Transaction tracking system initialized
[2018.09.08-02.11.05:878][  0]BlueprintLog: New page: Editor Load
[2018.09.08-02.11.06:750][  0]LocalizationService: Localization service is disabled
[2018.09.08-02.11.07:213][  0]LogConsoleResponse: Display: 
[2018.09.08-02.11.07:323][  0]LogCook: Display: Max memory allowance for cook 16384mb min free memory 0mb
[2018.09.08-02.11.07:323][  0]LogCook: Display: Mobile HDR setting 1
[2018.09.08-02.11.07:323][  0]LogGameplayTags: Display: UGameplayTagsManager::DoneAddingNativeTags. DelegateIsBound: 0
[2018.09.08-02.11.08:071][  0]LogFileCache: Scanning file cache for directory 'D:/SideHustle/Git/Slackurbator/Slackurbator/Content/' took 0.01s
[2018.09.08-02.11.08:102][  0]Cmd: MAP LOAD FILE="../../../../SideHustle/Git/Slackurbator/Slackurbator/Content/TopDownCPP/Maps/TopDownExampleMap.umap" TEMPLATE=0 SHOWPROGRESS=1 FEATURELEVEL=3
[2018.09.08-02.11.08:102][  0]LightingResults: New page: Lighting Build
[2018.09.08-02.11.08:141][  0]MapCheck: New page: Map Check
[2018.09.08-02.11.08:141][  0]LightingResults: New page: Lighting Build
[2018.09.08-02.11.08:611][  0]LogTexture: Display: Building textures: HQ_Lightmap0_3 (AutoDXT, 64X64)
[2018.09.08-02.11.08:611][  0]LogTexture: Display: Building textures: HQ_Lightmap0_2 (AutoDXT, 128X128)
[2018.09.08-02.11.08:611][  0]LogTexture: Display: Building textures: LQ_Lightmap_0_2 (DXT1, 128X128)
[2018.09.08-02.11.08:611][  0]LogTexture: Display: Building textures: LQ_Lightmap_0_3 (DXT1, 64X64)
[2018.09.08-02.11.08:611][  0]LogTexture: Display: Building textures: SkyOcclusion0_2 (AutoDXT, 128X64)
[2018.09.08-02.11.08:611][  0]LogTexture: Display: Building textures: SkyOcclusion0_1 (AutoDXT, 1024X512)
[2018.09.08-02.11.08:611][  0]LogTexture: Display: Building textures: SkyOcclusion0_3 (AutoDXT, 64X32)
[2018.09.08-02.11.08:611][  0]LogTexture: Display: Building textures: LQ_Lightmap_0_1 (DXT1, 1024X1024)
[2018.09.08-02.11.08:611][  0]LogTexture: Display: Building textures: HQ_Lightmap0_1 (AutoDXT, 1024X1024)
[2018.09.08-02.11.08:611][  0]LogTexture: Display: Building textures: ShadowMapTexture2D_5 (G8, 32X32)
[2018.09.08-02.11.08:611][  0]LogTexture: Display: Building textures: ShadowMapTexture2D_4 (G8, 1024X1024)
[2018.09.08-02.11.08:621][  0]LogAIModule: Creating AISystem for world TopDownExampleMap
[2018.09.08-02.11.08:627][  0]LogEditorServer: Finished looking for orphan Actors (0.000 secs)
[2018.09.08-02.11.08:636][  0]Cmd: MAP CHECKDEP NOCLEARLOG
[2018.09.08-02.11.08:667][  0]MapCheck: Map check complete: 0 Error(s), 0 Warning(s), took 30.591ms to complete.
[2018.09.08-02.11.08:667][  0]LogFileHelpers: Loading map 'TopDownExampleMap' took 0.565
[2018.09.08-02.11.08:786][  0]LogCollectionManager: Loaded 0 collections in 0.000645 seconds
[2018.09.08-02.11.08:847][  0]LogFileCache: Scanning file cache for directory 'D:/SideHustle/Git/Slackurbator/Slackurbator/Saved/Collections/' took 0.01s
[2018.09.08-02.11.08:847][  0]LogFileCache: Scanning file cache for directory 'D:/SideHustle/Git/Slackurbator/Slackurbator/Content/Developers/peter/Collections/' took 0.01s
[2018.09.08-02.11.08:847][  0]LogFileCache: Scanning file cache for directory 'D:/SideHustle/Git/Slackurbator/Slackurbator/Content/Collections/' took 0.01s
[2018.09.08-02.11.08:847][  0]LogCollectionManager: Rebuilt the GUID cache for 0 collections in 0.000000 seconds
[2018.09.08-02.11.08:853][  0]LogContentBrowser: Native class hierarchy populated in 0.0061 seconds. Added 2367 classes and 524 folders.
[2018.09.08-02.11.08:886][  0]LogContentBrowser: Native class hierarchy updated for 'WidgetCarousel' in 0.0004 seconds. Added 0 classes and 0 folders.
[2018.09.08-02.11.08:911][  0]LogContentBrowser: Native class hierarchy updated for 'AddContentDialog' in 0.0003 seconds. Added 0 classes and 0 folders.
[2018.09.08-02.11.08:949][  0]LogContentBrowser: Native class hierarchy updated for 'SceneOutliner' in 0.0004 seconds. Added 1 classes and 2 folders.
[2018.09.08-02.11.09:004][  0]LogContentBrowser: Native class hierarchy updated for 'WorldBrowser' in 0.0004 seconds. Added 2 classes and 3 folders.
[2018.09.08-02.11.09:063][  0]LogSlate: Took 0.000212 seconds to synchronously load lazily loaded font '../../../Engine/Content/Slate/Fonts/Roboto-Regular.ttf' (155K)
[2018.09.08-02.11.09:065][  0]LogSlate: Took 0.000176 seconds to synchronously load lazily loaded font '../../../Engine/Content/Slate/Fonts/Roboto-Bold.ttf' (160K)
[2018.09.08-02.11.09:069][  0]LogSlate: Took 0.000201 seconds to synchronously load lazily loaded font '../../../Engine/Content/Editor/Slate/Fonts/FontAwesome.ttf' (139K)
[2018.09.08-02.11.09:142][  0]LogRenderer: Reallocating scene render targets to support 1228x640 Format 10 NumSamples 1 (Frame:1).
[2018.09.08-02.11.09:685][  0]LogContentBrowser: Native class hierarchy updated for 'HierarchicalLODOutliner' in 0.0004 seconds. Added 1 classes and 2 folders.
[2018.09.08-02.11.09:685][  0]LogLoad: (Engine Initialization) Total time: 14.12 seconds
[2018.09.08-02.11.09:686][  0]LogLoad: (Engine Initialization) Total Blueprint compile time: 0.00 seconds
[2018.09.08-02.11.09:686][  0]LogExternalProfiler: No external profilers were discovered.  External profiling features will not be available.
[2018.09.08-02.11.09:695][  0]LogWindowsTextInputMethodSystem: Display: IME system now deactivated.
[2018.09.08-02.11.09:704][  0]LogContentStreaming: Texture pool size now 1000 MB
[2018.09.08-02.11.09:739][  0]LogSlate: Took 0.000130 seconds to synchronously load lazily loaded font '../../../Engine/Content/Slate/Fonts/Roboto-Light.ttf' (159K)
[2018.09.08-02.11.10:711][107]LogSlate: Took 0.000121 seconds to synchronously load lazily loaded font '../../../Engine/Content/Slate/Fonts/Roboto-Light.ttf' (159K)
[2018.09.08-02.11.18:689][813]LogCollectionManager: Rebuilt the object cache for 0 collections in 0.000000 seconds (found 0 objects)
[2018.09.08-02.11.29:839][873]LogAssetRegistry: Asset discovery search completed in 29.8152 seconds
[2018.09.08-02.11.29:841][873]LogCollectionManager: Fixed up redirectors for 0 collections in 0.000003 seconds (updated 0 objects)
[2018.09.08-02.11.35:808][400]LogTemp: Repeating last play command: Selected Viewport
[2018.09.08-02.11.35:874][400]LogBlueprintUserMessages: Early PlayInEditor Detection: Level '/Game/TopDownCPP/Maps/TopDownExampleMap.TopDownExampleMap:PersistentLevel' has LevelScriptBlueprint '/Game/TopDownCPP/Maps/TopDownExampleMap.TopDownExampleMap:PersistentLevel.TopDownExampleMap' with GeneratedClass '/Game/TopDownCPP/Maps/TopDownExampleMap.TopDownExampleMap_C' with ClassGeneratedBy '/Game/TopDownCPP/Maps/TopDownExampleMap.TopDownExampleMap:PersistentLevel.TopDownExampleMap'
[2018.09.08-02.11.35:874][400]LogPlayLevel: PlayLevel: No blueprints needed recompiling
[2018.09.08-02.11.35:875][400]PIE: New page: PIE session: TopDownExampleMap (Sep 7, 2018, 12:11:35 PM)
[2018.09.08-02.11.35:875][400]LogPlayLevel: Creating play world package: /Game/TopDownCPP/Maps/UEDPIE_0_TopDownExampleMap
[2018.09.08-02.11.35:892][400]LogPlayLevel: PIE: StaticDuplicateObject took: (0.017585s)
[2018.09.08-02.11.35:893][400]LogAIModule: Creating AISystem for world TopDownExampleMap
[2018.09.08-02.11.35:893][400]LogPlayLevel: PIE: World Init took: (0.000575s)
[2018.09.08-02.11.35:893][400]LogPlayLevel: PIE: Created PIE world by copying editor world from /Game/TopDownCPP/Maps/TopDownExampleMap.TopDownExampleMap to /Game/TopDownCPP/Maps/UEDPIE_0_TopDownExampleMap.TopDownExampleMap (0.018420s)
[2018.09.08-02.11.35:909][400]LogInit: XAudio2 using 'Speakers (Realtek High Definition Audio)' : 2 channels at 48 kHz using 32 bits per sample (channel mask 0x3)
[2018.09.08-02.11.35:916][400]LogInit: FAudioDevice initialized.
[2018.09.08-02.11.35:961][400]LogLoad: Game class is 'MySlackurbatorGameMode_BLU_C'
[2018.09.08-02.11.35:962][400]LogWorld: Bringing World /Game/TopDownCPP/Maps/UEDPIE_0_TopDownExampleMap.TopDownExampleMap up for play (max tick rate 0) at 2018.09.07-19.11.35
[2018.09.08-02.11.35:963][400]LogWorld: Bringing up level for play took: 0.001459
[2018.09.08-02.11.35:984][400]LogContentBrowser: Native class hierarchy updated for 'MovieSceneCapture' in 0.0004 seconds. Added 11 classes and 0 folders.
[2018.09.08-02.11.36:047][400]LogContentBrowser: Native class hierarchy updated for 'WebBrowser' in 0.0004 seconds. Added 0 classes and 0 folders.
[2018.09.08-02.11.36:085][400]PIE: Play in editor start time for /Game/TopDownCPP/Maps/UEDPIE_0_TopDownExampleMap 0.771
[2018.09.08-02.11.36:086][400]LogBlueprintUserMessages: Late PlayInEditor Detection: Level '/Game/TopDownCPP/Maps/TopDownExampleMap.TopDownExampleMap:PersistentLevel' has LevelScriptBlueprint '/Game/TopDownCPP/Maps/TopDownExampleMap.TopDownExampleMap:PersistentLevel.TopDownExampleMap' with GeneratedClass '/Game/TopDownCPP/Maps/TopDownExampleMap.TopDownExampleMap_C' with ClassGeneratedBy '/Game/TopDownCPP/Maps/TopDownExampleMap.TopDownExampleMap:PersistentLevel.TopDownExampleMap'
[2018.09.08-02.11.40:337][844]LogBlueprintUserMessages: [MySlackurbatorGameMode_BLU_C_0] SlackPointsNO_WIn
[2018.09.08-02.11.47:527][674]PIE: Error: SetInputMode_GameAndUI expects a valid player controller as target
[2018.09.08-02.11.47:527][674]PIE: Error: SetInputMode_GameAndUI expects a valid player controller as target
[2018.09.08-02.11.47:527][674]PIE: Error: SetInputMode_GameAndUI expects a valid player controller as target
[2018.09.08-02.11.47:527][674]PIE: Error: SetInputMode_GameAndUI expects a valid player controller as target
[2018.09.08-02.11.49:803][937]LogBlueprintUserMessages: [PauseMenu_C_0] Exit Button Button Push
[2018.09.08-02.11.53:342][350]PIE: Error: SetInputMode_GameAndUI expects a valid player controller as target
[2018.09.08-02.11.53:342][350]PIE: Error: SetInputMode_GameAndUI expects a valid player controller as target
[2018.09.08-02.11.53:342][350]PIE: Error: SetInputMode_GameAndUI expects a valid player controller as target
[2018.09.08-02.11.53:342][350]PIE: Error: SetInputMode_GameAndUI expects a valid player controller as target
[2018.09.08-02.11.55:739][622]LogBlueprintUserMessages: [PauseMenu_C_1] Exit Button Button Push
[2018.09.08-02.11.57:797][830]PIE: Error: SetInputMode_GameAndUI expects a valid player controller as target
[2018.09.08-02.11.57:797][830]PIE: Error: SetInputMode_GameAndUI expects a valid player controller as target
[2018.09.08-02.11.57:797][830]PIE: Error: SetInputMode_GameAndUI expects a valid player controller as target
[2018.09.08-02.11.57:797][830]PIE: Error: SetInputMode_GameAndUI expects a valid player controller as target
[2018.09.08-02.12.08:977][973]LogBlueprintUserMessages: Early EndPlayMap Detection: Level '/Game/TopDownCPP/Maps/TopDownExampleMap.TopDownExampleMap:PersistentLevel' has LevelScriptBlueprint '/Game/TopDownCPP/Maps/TopDownExampleMap.TopDownExampleMap:PersistentLevel.TopDownExampleMap' with GeneratedClass '/Game/TopDownCPP/Maps/TopDownExampleMap.TopDownExampleMap_C' with ClassGeneratedBy '/Game/TopDownCPP/Maps/TopDownExampleMap.TopDownExampleMap:PersistentLevel.TopDownExampleMap'
[2018.09.08-02.12.09:017][973]LogBlueprintUserMessages: Late EndPlayMap Detection: Level '/Game/TopDownCPP/Maps/TopDownExampleMap.TopDownExampleMap:PersistentLevel' has LevelScriptBlueprint '/Game/TopDownCPP/Maps/TopDownExampleMap.TopDownExampleMap:PersistentLevel.TopDownExampleMap' with GeneratedClass '/Game/TopDownCPP/Maps/TopDownExampleMap.TopDownExampleMap_C' with ClassGeneratedBy '/Game/TopDownCPP/Maps/TopDownExampleMap.TopDownExampleMap:PersistentLevel.TopDownExampleMap'
[2018.09.08-02.12.10:110][ 36]LogSlate: Took 0.000112 seconds to synchronously load lazily loaded font '../../../Engine/Content/Slate/Fonts/Roboto-Light.ttf' (159K)
[2018.09.08-02.12.10:217][ 36]LogSlate: Took 0.009551 seconds to synchronously load lazily loaded font '../../../Engine/Content/Editor/Slate/Fonts/Roboto-BoldCondensed.ttf' (158K)
[2018.09.08-02.12.19:554][783]LogSlate: Took 0.011735 seconds to synchronously load lazily loaded font '../../../Engine/Content/Editor/Slate/Fonts/DroidSansMono.ttf' (77K)
[2018.09.08-02.14.49:575][590]LogTexture: Display: Building textures: HQ_Lightmap0_4 (AutoDXT, 64X64)
[2018.09.08-02.14.49:576][590]LogTexture: Display: Building textures: LQ_Lightmap_0_4 (DXT1, 64X64)
[2018.09.08-02.14.49:576][590]LogTexture: Display: Building textures: HQ_Lightmap1_3 (AutoDXT, 512X512)
[2018.09.08-02.14.49:576][590]LogTexture: Display: Building textures: LQ_Lightmap_1_3 (DXT1, 512X512)
[2018.09.08-02.14.49:576][590]LogTexture: Display: Building textures: LQ_Lightmap_1_1 (DXT1, 1024X1024)
[2018.09.08-02.14.49:576][590]LogTexture: Display: Building textures: HQ_Lightmap1_1 (AutoDXT, 1024X1024)
[2018.09.08-02.14.49:576][590]LogTexture: Display: Building textures: LQ_Lightmap_1_2 (DXT1, 1024X1024)
[2018.09.08-02.14.49:576][590]LogTexture: Display: Building textures: HQ_Lightmap1_2 (AutoDXT, 1024X1024)
[2018.09.08-02.14.50:422][590]LogAIModule: Creating AISystem for world Floorplay5_scale
[2018.09.08-02.14.50:438][590]LogSlate: Took 0.000141 seconds to synchronously load lazily loaded font '../../../Engine/Content/Slate/Fonts/Roboto-Regular.ttf' (155K)
[2018.09.08-02.14.50:456][590]Cmd: MAP LOAD FILE="../../../../SideHustle/Git/Slackurbator/Slackurbator/Content/TopDownCPP/Maps/Floorplay5_scale.umap" TEMPLATE=0 SHOWPROGRESS=1 FEATURELEVEL=3
[2018.09.08-02.14.50:456][590]LightingResults: New page: Lighting Build
[2018.09.08-02.14.50:457][590]LoadErrors: New page: Loading map: Floorplay5_scale.umap
[2018.09.08-02.14.50:458][590]MapCheck: New page: Map Check
[2018.09.08-02.14.50:458][590]LightingResults: New page: Lighting Build
[2018.09.08-02.14.50:523][590]LogEditorServer: Finished looking for orphan Actors (0.000 secs)
[2018.09.08-02.14.50:549][590]Cmd: MAP CHECKDEP NOCLEARLOG
[2018.09.08-02.14.50:583][590]MapCheck: Map check complete: 0 Error(s), 0 Warning(s), took 33.562ms to complete.
[2018.09.08-02.14.50:583][590]LogFileHelpers: Loading map 'Floorplay5_scale' took 0.128
[2018.09.08-02.20.16:550][792]SourceControl: Error: Failed to enable Git source control. You need to install Git and specify a valid path to git executable.
[2018.09.08-02.21.13:587][540]SourceControl: Error: Failed to enable Git source control. You need to install Git and specify a valid path to git executable.
[2018.09.08-02.21.55:292][247]SourceControl: On branch master
[2018.09.08-02.21.55:292][247]SourceControl: Your branch is up to date with 'origin/master'.
[2018.09.08-02.21.55:292][247]SourceControl: Changes not staged for commit:
[2018.09.08-02.21.55:292][247]SourceControl:   (use "git add <file>..." to update what will be committed)
[2018.09.08-02.21.55:292][247]SourceControl:   (use "git checkout -- <file>..." to discard changes in working directory)
[2018.09.08-02.21.55:292][247]SourceControl: 	modified:   Slackurbator/Intermediate/AssetRegistryCache/311563bb.bin
[2018.09.08-02.21.55:292][247]SourceControl: 	modified:   Slackurbator/Intermediate/AssetRegistryCache/c90e3f55.bin
[2018.09.08-02.21.55:292][247]SourceControl: 	modified:   Slackurbator/Intermediate/CachedAssetRegistry.bin
[2018.09.08-02.21.55:292][247]SourceControl: 	modified:   Slackurbator/Intermediate/Config/CoalescedSourceConfigs/Engine.ini
[2018.09.08-02.21.55:293][247]SourceControl: 	modified:   Slackurbator/Intermediate/Config/CoalescedSourceConfigs/Input.ini
[2018.09.08-02.21.55:293][247]SourceControl: 	modified:   Slackurbator/Saved/Config/Windows/Editor.ini
[2018.09.08-02.21.55:293][247]SourceControl: 	modified:   Slackurbator/Saved/Config/Windows/EditorPerProjectUserSettings.ini
[2018.09.08-02.21.55:293][247]SourceControl: 	modified:   Slackurbator/Saved/Logs/Slackurbator.log
[2018.09.08-02.21.55:293][247]SourceControl: 	modified:   Slackurbator/Saved/Logs/cef3.log
[2018.09.08-02.21.55:293][247]SourceControl: 	modified:   Slackurbator/Saved/webcache/Cookies
[2018.09.08-02.21.55:293][247]SourceControl: Untracked files:
[2018.09.08-02.21.55:293][247]SourceControl:   (use "git add <file>..." to include in what will be committed)
[2018.09.08-02.21.55:293][247]SourceControl: 	Slackurbator/Saved/Config/CrashReportClient/UE4CC-Windows-F091866946E1BF2B355C7093367EC05A/
[2018.09.08-02.21.55:293][247]SourceControl: 	Slackurbator/Saved/Logs/Slackurbator-backup-2018.09.07-19.10.56.log
[2018.09.08-02.21.55:293][247]SourceControl: no changes added to commit (use "git add" and/or "git commit -a")
[2018.09.08-02.24.08:793][534]SourceControl: fatal: D:/UE_4.18/Engine/Content/: 'D:/UE_4.18/Engine/Content/' is outside repository
[2018.09.08-02.24.08:841][534]EditorErrors: Warning: No assets to check in!
[2018.09.08-02.24.57:451][680]Cmd: QUIT_EDITOR
[2018.09.08-02.24.58:458][680]LogWindowsTextInputMethodSystem: Display: IME system now deactivated.
[2018.09.08-02.24.58:465][680]LogExit: Preparing to exit.
[2018.09.08-02.24.59:353][680]LogDirectoryWatcher: A directory notification for 'D:/SideHustle/Git/Slackurbator/Slackurbator/Content/' was aborted.
[2018.09.08-02.24.59:368][680]LogExit: Editor shut down
[2018.09.08-02.24.59:370][680]LogExit: Transaction tracking system shut down
[2018.09.08-02.24.59:436][680]LogDirectoryWatcher: A directory notification for '../../../Engine/Content/' was aborted.
[2018.09.08-02.24.59:436][680]LogDirectoryWatcher: A directory notification for '../../../../SideHustle/Git/Slackurbator/Slackurbator/Content/' was aborted.
[2018.09.08-02.24.59:436][680]LogDirectoryWatcher: A directory notification for '../../../Engine/Plugins/2D/Paper2D/Content/' was aborted.
[2018.09.08-02.24.59:437][680]LogDirectoryWatcher: A directory notification for '../../../Engine/Plugins/Media/MediaCompositing/Content/' was aborted.
[2018.09.08-02.24.59:437][680]LogDirectoryWatcher: A directory notification for '../../../Engine/Plugins/Runtime/AppleARKit/Content/' was aborted.
[2018.09.08-02.24.59:437][680]LogDirectoryWatcher: A directory notification for '../../../Engine/Plugins/Runtime/Oculus/OculusVR/Content/' was aborted.
[2018.09.08-02.24.59:437][680]LogDirectoryWatcher: A directory notification for '../../../Engine/Plugins/Runtime/Steam/SteamVR/Content/' was aborted.
[2018.09.08-02.24.59:469][680]LogExit: Object subsystem successfully closed.
[2018.09.08-02.24.59:484][680]LogD3D11RHI: Shutdown
[2018.09.08-02.24.59:484][680]LogD3D11RHI: CleanupD3DDevice
[2018.09.08-02.24.59:485][680]LogD3D11RHI: ~FD3D11DynamicRHI
[2018.09.08-02.24.59:493][680]LogModuleManager: Shutting down and abandoning module WebBrowser (558)
[2018.09.08-02.24.59:506][680]LogModuleManager: Shutting down and abandoning module MovieSceneCapture (556)
[2018.09.08-02.24.59:506][680]LogModuleManager: Shutting down and abandoning module HierarchicalLODOutliner (554)
[2018.09.08-02.24.59:506][680]LogModuleManager: Shutting down and abandoning module DesktopPlatform (552)
[2018.09.08-02.24.59:506][680]LogModuleManager: Shutting down and abandoning module WorldBrowser (550)
[2018.09.08-02.24.59:506][680]LogModuleManager: Shutting down and abandoning module SceneOutliner (548)
[2018.09.08-02.24.59:506][680]LogModuleManager: Shutting down and abandoning module AddContentDialog (546)
[2018.09.08-02.24.59:506][680]LogDirectoryWatcher: A directory notification for 'D:/UE_4.18/FeaturePacks/' was aborted.
[2018.09.08-02.24.59:507][680]LogModuleManager: Shutting down and abandoning module WidgetCarousel (545)
[2018.09.08-02.24.59:507][680]LogModuleManager: Shutting down and abandoning module EditorWidgets (542)
[2018.09.08-02.24.59:507][680]LogModuleManager: Shutting down and abandoning module CollectionManager (540)
[2018.09.08-02.24.59:507][680]LogDirectoryWatcher: A directory notification for 'D:/SideHustle/Git/Slackurbator/Slackurbator/Content/Collections/' was aborted.
[2018.09.08-02.24.59:507][680]LogDirectoryWatcher: A directory notification for 'D:/SideHustle/Git/Slackurbator/Slackurbator/Content/Developers/peter/Collections/' was aborted.
[2018.09.08-02.24.59:507][680]LogDirectoryWatcher: A directory notification for 'D:/SideHustle/Git/Slackurbator/Slackurbator/Saved/Collections/' was aborted.
[2018.09.08-02.24.59:507][680]LogModuleManager: Shutting down and abandoning module StatsViewer (538)
[2018.09.08-02.24.59:507][680]LogModuleManager: Shutting down and abandoning module FoliageEdit (536)
[2018.09.08-02.24.59:507][680]LogModuleManager: Shutting down and abandoning module LandscapeEditor (534)
[2018.09.08-02.24.59:507][680]LogModuleManager: Shutting down and abandoning module MeshPaintMode (532)
[2018.09.08-02.24.59:507][680]LogModuleManager: Shutting down and abandoning module SceneDepthPickerMode (530)
[2018.09.08-02.24.59:507][680]LogModuleManager: Shutting down and abandoning module ActorPickerMode (528)
[2018.09.08-02.24.59:507][680]LogModuleManager: Shutting down and abandoning module GeometryMode (526)
[2018.09.08-02.24.59:507][680]LogModuleManager: Shutting down and abandoning module TextureAlignMode (524)
[2018.09.08-02.24.59:507][680]LogModuleManager: Shutting down and abandoning module BspMode (522)
[2018.09.08-02.24.59:507][680]LogModuleManager: Shutting down and abandoning module PIEPreviewDeviceProfileSelector (520)
[2018.09.08-02.24.59:507][680]LogModuleManager: Shutting down and abandoning module HardwareSurvey (518)
[2018.09.08-02.24.59:507][680]LogModuleManager: Shutting down and abandoning module SequenceRecorderSections (516)
[2018.09.08-02.24.59:507][680]LogModuleManager: Shutting down and abandoning module AutomationWorker (514)
[2018.09.08-02.24.59:507][680]LogModuleManager: Shutting down and abandoning module MatineeToLevelSequence (512)
[2018.09.08-02.24.59:507][680]LogModuleManager: Shutting down and abandoning module LevelSequenceEditor (510)
[2018.09.08-02.24.59:507][680]LogModuleManager: Shutting down and abandoning module PlacementMode (509)
[2018.09.08-02.24.59:507][680]LogModuleManager: Shutting down and abandoning module WmfMediaFactory (506)
[2018.09.08-02.24.59:507][680]LogModuleManager: Shutting down and abandoning module WmfMediaEditor (504)
[2018.09.08-02.24.59:507][680]LogModuleManager: Shutting down and abandoning module OpenExrWrapper (502)
[2018.09.08-02.24.59:507][680]LogModuleManager: Shutting down and abandoning module ImgMediaFactory (500)
[2018.09.08-02.24.59:507][680]LogModuleManager: Shutting down and abandoning module ImgMediaEditor (498)
[2018.09.08-02.24.59:507][680]LogModuleManager: Shutting down and abandoning module AvfMediaFactory (496)
[2018.09.08-02.24.59:507][680]LogModuleManager: Shutting down and abandoning module AvfMediaEditor (494)
[2018.09.08-02.24.59:507][680]LogModuleManager: Shutting down and abandoning module AndroidMediaFactory (492)
[2018.09.08-02.24.59:507][680]LogModuleManager: Shutting down and abandoning module AndroidMediaEditor (490)
[2018.09.08-02.24.59:507][680]LogModuleManager: Shutting down and abandoning module CharacterAI (488)
[2018.09.08-02.24.59:507][680]LogModuleManager: Shutting down and abandoning module AudioCapture (486)
[2018.09.08-02.24.59:507][680]LogModuleManager: Shutting down and abandoning module SequenceRecorder (485)
[2018.09.08-02.24.59:507][680]LogModuleManager: Shutting down and abandoning module SmartSnapping (482)
[2018.09.08-02.24.59:507][680]LogModuleManager: Shutting down and abandoning module SessionServices (480)
[2018.09.08-02.24.59:507][680]LogModuleManager: Shutting down and abandoning module ViewportSnapping (478)
[2018.09.08-02.24.59:507][680]LogModuleManager: Shutting down and abandoning module ViewportInteraction (476)
[2018.09.08-02.24.59:507][680]LogModuleManager: Shutting down and abandoning module ClothPainter (474)
[2018.09.08-02.24.59:508][680]LogModuleManager: Shutting down and abandoning module SkeletalMeshEditor (473)
[2018.09.08-02.24.59:508][680]LogModuleManager: Shutting down and abandoning module LogVisualizer (470)
[2018.09.08-02.24.59:508][680]LogModuleManager: Shutting down and abandoning module IntroTutorials (468)
[2018.09.08-02.24.59:508][680]LogModuleManager: Shutting down and abandoning module GameProjectGeneration (467)
[2018.09.08-02.24.59:508][680]LogModuleManager: Shutting down and abandoning module IOSPlatformEditor (464)
[2018.09.08-02.24.59:508][680]LogModuleManager: Shutting down and abandoning module HTML5PlatformEditor (462)
[2018.09.08-02.24.59:508][680]LogModuleManager: Shutting down and abandoning module AndroidPlatformEditor (460)
[2018.09.08-02.24.59:508][680]LogModuleManager: Shutting down and abandoning module AndroidDeviceDetection (459)
[2018.09.08-02.25.00:390][680]LogModuleManager: Shutting down and abandoning module WindowsPlatformEditor (456)
[2018.09.08-02.25.00:390][680]LogModuleManager: Shutting down and abandoning module IOSRuntimeSettings (454)
[2018.09.08-02.25.00:390][680]LogModuleManager: Shutting down and abandoning module AndroidRuntimeSettings (452)
[2018.09.08-02.25.00:390][680]LogModuleManager: Shutting down and abandoning module InputBindingEditor (450)
[2018.09.08-02.25.00:390][680]LogModuleManager: Shutting down and abandoning module MergeActors (448)
[2018.09.08-02.25.00:390][680]LogModuleManager: Shutting down and abandoning module SizeMap (446)
[2018.09.08-02.25.00:390][680]LogModuleManager: Shutting down and abandoning module TreeMap (444)
[2018.09.08-02.25.00:390][680]LogModuleManager: Shutting down and abandoning module ReferenceViewer (442)
[2018.09.08-02.25.00:390][680]LogModuleManager: Shutting down and abandoning module LocalizationDashboard (440)
[2018.09.08-02.25.00:390][680]LogModuleManager: Shutting down and abandoning module LocalizationService (439)
[2018.09.08-02.25.00:390][680]LogModuleManager: Shutting down and abandoning module HardwareTargeting (436)
[2018.09.08-02.25.00:390][680]LogModuleManager: Shutting down and abandoning module DeviceProfileEditor (434)
[2018.09.08-02.25.00:390][680]LogModuleManager: Shutting down and abandoning module UndoHistory (432)
[2018.09.08-02.25.00:390][680]LogModuleManager: Shutting down and abandoning module XmlParser (430)
[2018.09.08-02.25.00:390][680]LogModuleManager: Shutting down and abandoning module Blutility (428)
[2018.09.08-02.25.00:390][680]LogModuleManager: Shutting down and abandoning module ProjectSettingsViewer (426)
[2018.09.08-02.25.00:390][680]LogModuleManager: Shutting down and abandoning module ProjectTargetPlatformEditor (425)
[2018.09.08-02.25.00:390][680]LogModuleManager: Shutting down and abandoning module EditorSettingsViewer (422)
[2018.09.08-02.25.00:390][680]LogModuleManager: Shutting down and abandoning module SettingsEditor (420)
[2018.09.08-02.25.00:390][680]LogModuleManager: Shutting down and abandoning module ProjectLauncher (418)
[2018.09.08-02.25.00:390][680]LogModuleManager: Shutting down and abandoning module SessionFrontend (416)
[2018.09.08-02.25.00:390][680]LogModuleManager: Shutting down and abandoning module ProfilerClient (414)
[2018.09.08-02.25.00:390][680]LogModuleManager: Shutting down and abandoning module DeviceManager (412)
[2018.09.08-02.25.00:390][680]LogModuleManager: Shutting down and abandoning module TargetDeviceServices (411)
[2018.09.08-02.25.00:441][680]LogModuleManager: Shutting down and abandoning module AutomationController (408)
[2018.09.08-02.25.00:441][680]LogModuleManager: Shutting down and abandoning module AutomationWindow (406)
[2018.09.08-02.25.00:441][680]LogModuleManager: Shutting down and abandoning module Layers (404)
[2018.09.08-02.25.00:441][680]LogModuleManager: Shutting down and abandoning module ComponentVisualizers (402)
[2018.09.08-02.25.00:441][680]LogModuleManager: Shutting down and abandoning module DetailCustomizations (400)
[2018.09.08-02.25.00:441][680]LogModuleManager: Shutting down and abandoning module PackagesDialog (398)
[2018.09.08-02.25.00:441][680]LogModuleManager: Shutting down and abandoning module Persona (396)
[2018.09.08-02.25.00:441][680]LogModuleManager: Shutting down and abandoning module AdvancedPreviewScene (395)
[2018.09.08-02.25.00:441][680]LogModuleManager: Shutting down and abandoning module AnimGraph (393)
[2018.09.08-02.25.00:441][680]LogModuleManager: Shutting down and abandoning module Kismet (390)
[2018.09.08-02.25.00:442][680]LogModuleManager: Shutting down and abandoning module ClassViewer (388)
[2018.09.08-02.25.00:442][680]LogModuleManager: Shutting down and abandoning module Toolbox (386)
[2018.09.08-02.25.00:442][680]LogModuleManager: Shutting down and abandoning module ModuleUI (384)
[2018.09.08-02.25.00:442][680]LogModuleManager: Shutting down and abandoning module MovieSceneTools (382)
[2018.09.08-02.25.00:442][680]LogModuleManager: Shutting down and abandoning module OutputLog (380)
[2018.09.08-02.25.00:442][680]LogModuleManager: Shutting down and abandoning module GammaUI (378)
[2018.09.08-02.25.00:442][680]LogModuleManager: Shutting down and abandoning module Documentation (376)
[2018.09.08-02.25.00:442][680]LogModuleManager: Shutting down and abandoning module MovieSceneTracks (374)
[2018.09.08-02.25.00:442][680]LogModuleManager: Shutting down and abandoning module MovieScene (372)
[2018.09.08-02.25.00:442][680]LogModuleManager: Shutting down and abandoning module StreamingPauseRendering (370)
[2018.09.08-02.25.00:442][680]LogModuleManager: Shutting down and abandoning module LauncherPlatform (368)
[2018.09.08-02.25.00:442][680]LogModuleManager: Shutting down and abandoning module AnalyticsET (366)
[2018.09.08-02.25.00:442][680]LogModuleManager: Shutting down and abandoning module PortalServices (364)
[2018.09.08-02.25.00:442][680]LogModuleManager: Shutting down and abandoning module PortalRpc (362)
[2018.09.08-02.25.00:442][680]LogModuleManager: Shutting down and abandoning module MessagingRpc (360)
[2018.09.08-02.25.00:442][680]LogModuleManager: Shutting down and abandoning module AIModule (358)
[2018.09.08-02.25.00:442][680]LogModuleManager: Shutting down and abandoning module GameplayDebugger (357)
[2018.09.08-02.25.00:442][680]LogModuleManager: Shutting down and abandoning module AITestSuite (355)
[2018.09.08-02.25.00:442][680]LogModuleManager: Shutting down and abandoning module ProfilerService (352)
[2018.09.08-02.25.00:551][680]LogModuleManager: Shutting down and abandoning module TaskGraph (350)
[2018.09.08-02.25.00:551][680]LogModuleManager: Shutting down and abandoning module SteamVRController (348)
[2018.09.08-02.25.00:551][680]LogModuleManager: Shutting down and abandoning module ProceduralMeshComponentEditor (346)
[2018.09.08-02.25.00:551][680]LogModuleManager: Shutting down and abandoning module ProceduralMeshComponent (344)
[2018.09.08-02.25.00:551][680]LogModuleManager: Shutting down and abandoning module OculusInput (342)
[2018.09.08-02.25.00:551][680]LogModuleManager: Shutting down and abandoning module MobilePatchingUtils (340)
[2018.09.08-02.25.00:551][680]LogModuleManager: Shutting down and abandoning module CustomMeshComponent (338)
[2018.09.08-02.25.00:551][680]LogModuleManager: Shutting down and abandoning module CableComponent (336)
[2018.09.08-02.25.00:551][680]LogModuleManager: Shutting down and abandoning module ArchVisCharacter (334)
[2018.09.08-02.25.00:551][680]LogModuleManager: Shutting down and abandoning module AndroidPermission (332)
[2018.09.08-02.25.00:551][680]LogModuleManager: Shutting down and abandoning module ActorSequence (328)
[2018.09.08-02.25.00:551][680]LogModuleManager: Shutting down and abandoning module MediaPlayerEditor (326)
[2018.09.08-02.25.00:551][680]LogModuleManager: Shutting down and abandoning module MediaCompositingEditor (324)
[2018.09.08-02.25.00:551][680]LogModuleManager: Shutting down and abandoning module MediaCompositing (322)
[2018.09.08-02.25.00:551][680]LogModuleManager: Shutting down and abandoning module HTML5Networking (320)
[2018.09.08-02.25.00:551][680]LogModuleManager: Shutting down and abandoning module AlembicImporter (318)
[2018.09.08-02.25.00:551][680]LogModuleManager: Shutting down and abandoning module AlembicLibrary (317)
[2018.09.08-02.25.00:551][680]LogModuleManager: Shutting down and abandoning module GeometryCache (316)
[2018.09.08-02.25.00:551][680]LogModuleManager: Shutting down and abandoning module GeometryCacheEd (315)
[2018.09.08-02.25.00:551][680]LogModuleManager: Shutting down and abandoning module SpeedTreeImporter (310)
[2018.09.08-02.25.00:551][680]LogModuleManager: Shutting down and abandoning module PluginBrowser (308)
[2018.09.08-02.25.00:552][680]LogModuleManager: Shutting down and abandoning module MobileLauncherProfileWizard (306)
[2018.09.08-02.25.00:552][680]LogModuleManager: Shutting down and abandoning module VisualStudioSourceCodeAccess (304)
[2018.09.08-02.25.00:552][680]LogModuleManager: Shutting down and abandoning module VisualStudioCodeSourceCodeAccess (302)
[2018.09.08-02.25.00:552][680]LogModuleManager: Shutting down and abandoning module UObjectPlugin (300)
[2018.09.08-02.25.00:552][680]LogModuleManager: Shutting down and abandoning module SubversionSourceControl (298)
[2018.09.08-02.25.00:552][680]LogModuleManager: Shutting down and abandoning module PerforceSourceControl (296)
[2018.09.08-02.25.00:552][680]LogModuleManager: Shutting down and abandoning module GitSourceControl (294)
[2018.09.08-02.25.00:552][680]LogModuleManager: Shutting down and abandoning module SourceControl (293)
[2018.09.08-02.25.00:552][680]LogModuleManager: Shutting down and abandoning module LightPropagationVolumeEditor (290)
[2018.09.08-02.25.00:552][680]LogModuleManager: Shutting down and abandoning module PaperTiledImporter (288)
[2018.09.08-02.25.00:552][680]LogModuleManager: Shutting down and abandoning module PaperSpriteSheetImporter (286)
[2018.09.08-02.25.00:552][680]LogModuleManager: Shutting down and abandoning module Paper2DEditor (284)
[2018.09.08-02.25.00:552][680]LogModuleManager: Shutting down and abandoning module MeshPaint (283)
[2018.09.08-02.25.00:552][680]LogModuleManager: Shutting down and abandoning module LevelEditor (281)
[2018.09.08-02.25.00:552][680]LogModuleManager: Shutting down and abandoning module PixelInspectorModule (280)
[2018.09.08-02.25.00:552][680]LogModuleManager: Shutting down and abandoning module MainFrame (278)
[2018.09.08-02.25.00:552][680]LogModuleManager: Shutting down and abandoning module HotReload (277)
[2018.09.08-02.25.00:553][680]LogDirectoryWatcher: A directory notification for 'D:/SideHustle/Git/Slackurbator/Slackurbator/Binaries/Win64' was aborted.
[2018.09.08-02.25.00:553][680]LogModuleManager: Shutting down and abandoning module Slackurbator (272)
[2018.09.08-02.25.00:553][680]LogModuleManager: Shutting down and abandoning module WebBrowserWidget (270)
[2018.09.08-02.25.00:553][680]LogModuleManager: Shutting down and abandoning module RuntimePhysXCooking (268)
[2018.09.08-02.25.00:553][680]LogModuleManager: Shutting down and abandoning module PhysXVehiclesEditor (266)
[2018.09.08-02.25.00:553][680]LogModuleManager: Shutting down and abandoning module PhysXVehicles (264)
[2018.09.08-02.25.00:553][680]LogModuleManager: Shutting down and abandoning module OculusEditor (262)
[2018.09.08-02.25.00:553][680]LogModuleManager: Shutting down and abandoning module LocationServicesBPLibrary (260)
[2018.09.08-02.25.00:553][680]LogModuleManager: Shutting down and abandoning module ImmediatePhysicsEditor (258)
[2018.09.08-02.25.00:553][680]LogModuleManager: Shutting down and abandoning module ImmediatePhysics (256)
[2018.09.08-02.25.00:553][680]LogModuleManager: Shutting down and abandoning module UdpMessaging (254)
[2018.09.08-02.25.00:654][680]LogModuleManager: Shutting down and abandoning module TcpMessaging (252)
[2018.09.08-02.25.00:755][680]LogModuleManager: Shutting down and abandoning module GameplayTagsEditor (250)
[2018.09.08-02.25.00:755][680]LogModuleManager: Shutting down and abandoning module FacialAnimationEditor (248)
[2018.09.08-02.25.00:755][680]LogModuleManager: Shutting down and abandoning module FacialAnimation (246)
[2018.09.08-02.25.00:755][680]LogModuleManager: Shutting down and abandoning module AssetManagerEditor (244)
[2018.09.08-02.25.00:755][680]LogModuleManager: Shutting down and abandoning module GraphEditor (243)
[2018.09.08-02.25.00:755][680]LogModuleManager: Shutting down and abandoning module ContentBrowser (241)
[2018.09.08-02.25.00:755][680]LogModuleManager: Shutting down and abandoning module LightPropagationVolumeRuntime (238)
[2018.09.08-02.25.00:755][680]LogModuleManager: Shutting down and abandoning module Paper2D (236)
[2018.09.08-02.25.00:755][680]LogModuleManager: Shutting down and abandoning module WindowsMoviePlayer (234)
[2018.09.08-02.25.00:755][680]LogModuleManager: Shutting down and abandoning module WmfMedia (232)
[2018.09.08-02.25.00:757][680]LogModuleManager: Shutting down and abandoning module ImgMedia (230)
[2018.09.08-02.25.00:757][680]LogModuleManager: Shutting down and abandoning module PacketHandler (228)
[2018.09.08-02.25.00:757][680]LogModuleManager: Shutting down and abandoning module ClothingSystemEditor (226)
[2018.09.08-02.25.00:757][680]LogModuleManager: Shutting down and abandoning module ClothingSystemRuntime (224)
[2018.09.08-02.25.00:757][680]LogModuleManager: Shutting down and abandoning module MediaAssets (222)
[2018.09.08-02.25.00:757][680]LogModuleManager: Shutting down and abandoning module Media (221)
[2018.09.08-02.25.00:764][680]LogModuleManager: Shutting down and abandoning module Overlay (218)
[2018.09.08-02.25.00:764][680]LogModuleManager: Shutting down and abandoning module OverlayEditor (217)
[2018.09.08-02.25.00:764][680]LogModuleManager: Shutting down and abandoning module VREditor (214)
[2018.09.08-02.25.00:764][680]LogModuleManager: Shutting down and abandoning module StringTableEditor (212)
[2018.09.08-02.25.00:764][680]LogModuleManager: Shutting down and abandoning module GameplayTasksEditor (210)
[2018.09.08-02.25.00:764][680]LogModuleManager: Shutting down and abandoning module BehaviorTreeEditor (208)
[2018.09.08-02.25.00:764][680]LogModuleManager: Shutting down and abandoning module FunctionalTesting (206)
[2018.09.08-02.25.00:764][680]LogModuleManager: Shutting down and abandoning module CollisionAnalyzer (204)
[2018.09.08-02.25.00:764][680]LogModuleManager: Shutting down and abandoning module WorkspaceMenuStructure (203)
[2018.09.08-02.25.00:764][680]LogModuleManager: Shutting down and abandoning module UMG (200)
[2018.09.08-02.25.00:764][680]LogModuleManager: Shutting down and abandoning module UMGEditor (199)
[2018.09.08-02.25.00:764][680]LogModuleManager: Shutting down and abandoning module Sequencer (198)
[2018.09.08-02.25.00:764][680]LogModuleManager: Shutting down and abandoning module MessageLog (195)
[2018.09.08-02.25.00:764][680]LogModuleManager: Shutting down and abandoning module SlateReflector (190)
[2018.09.08-02.25.00:764][680]LogModuleManager: Shutting down and abandoning module Slate (188)
[2018.09.08-02.25.00:764][680]LogModuleManager: Shutting down and abandoning module EditorStyle (186)
[2018.09.08-02.25.00:766][680]LogModuleManager: Shutting down and abandoning module MRMesh (184)
[2018.09.08-02.25.00:766][680]LogModuleManager: Shutting down and abandoning module SourceCodeAccess (182)
[2018.09.08-02.25.00:766][680]LogModuleManager: Shutting down and abandoning module HeadMountedDisplay (180)
[2018.09.08-02.25.00:766][680]LogModuleManager: Shutting down and abandoning module XAudio2 (178)
[2018.09.08-02.25.00:766][680]LogModuleManager: Shutting down and abandoning module Networking (176)
[2018.09.08-02.25.00:766][680]LogModuleManager: Shutting down and abandoning module Core (172)
[2018.09.08-02.25.00:766][680]LogModuleManager: Shutting down and abandoning module LevelSequence (168)
[2018.09.08-02.25.00:766][680]LogModuleManager: Shutting down and abandoning module DirectoryWatcher (166)
[2018.09.08-02.25.00:766][680]LogModuleManager: Shutting down and abandoning module KismetCompiler (164)
[2018.09.08-02.25.00:766][680]LogModuleManager: Shutting down and abandoning module MeshUtilities (162)
[2018.09.08-02.25.00:766][680]LogModuleManager: Shutting down and abandoning module MeshMergeUtilities (161)
[2018.09.08-02.25.00:766][680]LogModuleManager: Shutting down and abandoning module MeshReductionInterface (160)
[2018.09.08-02.25.00:766][680]LogModuleManager: Shutting down and abandoning module SimplygonSwarm (159)
[2018.09.08-02.25.00:766][680]LogModuleManager: Shutting down and abandoning module SimplygonMeshReduction (157)
[2018.09.08-02.25.00:766][680]LogModuleManager: Shutting down and abandoning module QuadricMeshReduction (155)
[2018.09.08-02.25.00:766][680]LogModuleManager: Shutting down and abandoning module MaterialBaking (151)
[2018.09.08-02.25.00:766][680]LogModuleManager: Shutting down and abandoning module DerivedDataCache (148)
[2018.09.08-02.25.00:831][680]LogDerivedDataCache: Shutdown
[2018.09.08-02.25.00:831][680]LogModuleManager: Shutting down and abandoning module TargetPlatform (146)
[2018.09.08-02.25.00:831][680]LogModuleManager: Shutting down and abandoning module VulkanShaderFormat (145)
[2018.09.08-02.25.00:831][680]LogModuleManager: Shutting down and abandoning module ShaderFormatVectorVM (143)
[2018.09.08-02.25.00:831][680]LogModuleManager: Shutting down and abandoning module ShaderFormatOpenGL (141)
[2018.09.08-02.25.00:831][680]LogModuleManager: Shutting down and abandoning module ShaderFormatD3D (139)
[2018.09.08-02.25.00:831][680]LogModuleManager: Shutting down and abandoning module MetalShaderFormat (137)
[2018.09.08-02.25.00:831][680]LogModuleManager: Shutting down and abandoning module TextureFormatUncompressed (135)
[2018.09.08-02.25.00:831][680]LogModuleManager: Shutting down and abandoning module TextureFormatPVR (133)
[2018.09.08-02.25.00:831][680]LogModuleManager: Shutting down and abandoning module TextureFormatDXT (131)
[2018.09.08-02.25.00:831][680]LogModuleManager: Shutting down and abandoning module TextureFormatIntelISPCTexComp (129)
[2018.09.08-02.25.00:831][680]LogModuleManager: Shutting down and abandoning module TextureFormatASTC (127)
[2018.09.08-02.25.00:831][680]LogModuleManager: Shutting down and abandoning module ImageWrapper (126)
[2018.09.08-02.25.00:831][680]LogModuleManager: Shutting down and abandoning module TextureFormatAndroid (123)
[2018.09.08-02.25.00:831][680]LogModuleManager: Shutting down and abandoning module AudioFormatOpus (121)
[2018.09.08-02.25.00:831][680]LogModuleManager: Shutting down and abandoning module AudioFormatOgg (119)
[2018.09.08-02.25.00:831][680]LogModuleManager: Shutting down and abandoning module AudioFormatADPCM (117)
[2018.09.08-02.25.00:832][680]LogModuleManager: Shutting down and abandoning module LinuxTargetPlatform (115)
[2018.09.08-02.25.00:832][680]LogModuleManager: Shutting down and abandoning module LinuxServerTargetPlatform (113)
[2018.09.08-02.25.00:832][680]LogModuleManager: Shutting down and abandoning module LinuxNoEditorTargetPlatform (111)
[2018.09.08-02.25.00:832][680]LogModuleManager: Shutting down and abandoning module LinuxClientTargetPlatform (109)
[2018.09.08-02.25.00:832][680]LogModuleManager: Shutting down and abandoning module TVOSTargetPlatform (107)
[2018.09.08-02.25.00:832][680]LogModuleManager: Shutting down and abandoning module Messaging (105)
[2018.09.08-02.25.00:832][680]LogModuleManager: Shutting down and abandoning module IOSTargetPlatform (103)
[2018.09.08-02.25.00:832][680]LogModuleManager: Shutting down and abandoning module HTML5TargetPlatform (101)
[2018.09.08-02.25.00:832][680]LogModuleManager: Shutting down and abandoning module AndroidTargetPlatform (99)
[2018.09.08-02.25.00:832][680]LogModuleManager: Shutting down and abandoning module Android_PVRTCTargetPlatform (97)
[2018.09.08-02.25.00:832][680]LogModuleManager: Shutting down and abandoning module Android_MultiTargetPlatform (95)
[2018.09.08-02.25.00:832][680]LogModuleManager: Shutting down and abandoning module Android_ETC2TargetPlatform (93)
[2018.09.08-02.25.00:832][680]LogModuleManager: Shutting down and abandoning module Android_ETC1TargetPlatform (91)
[2018.09.08-02.25.00:832][680]LogModuleManager: Shutting down and abandoning module Android_DXTTargetPlatform (89)
[2018.09.08-02.25.00:832][680]LogModuleManager: Shutting down and abandoning module Android_ATCTargetPlatform (87)
[2018.09.08-02.25.00:832][680]LogModuleManager: Shutting down and abandoning module Android_ASTCTargetPlatform (85)
[2018.09.08-02.25.00:832][680]LogModuleManager: Shutting down and abandoning module WindowsTargetPlatform (83)
[2018.09.08-02.25.00:832][680]LogModuleManager: Shutting down and abandoning module WindowsServerTargetPlatform (81)
[2018.09.08-02.25.00:832][680]LogModuleManager: Shutting down and abandoning module WindowsNoEditorTargetPlatform (79)
[2018.09.08-02.25.00:832][680]LogModuleManager: Shutting down and abandoning module WindowsClientTargetPlatform (77)
[2018.09.08-02.25.00:832][680]LogModuleManager: Shutting down and abandoning module MacTargetPlatform (75)
[2018.09.08-02.25.00:832][680]LogModuleManager: Shutting down and abandoning module MacServerTargetPlatform (73)
[2018.09.08-02.25.00:832][680]LogModuleManager: Shutting down and abandoning module MacNoEditorTargetPlatform (71)
[2018.09.08-02.25.00:832][680]LogModuleManager: Shutting down and abandoning module MacClientTargetPlatform (69)
[2018.09.08-02.25.00:832][680]LogModuleManager: Shutting down and abandoning module AllDesktopTargetPlatform (67)
[2018.09.08-02.25.00:832][680]LogModuleManager: Shutting down and abandoning module InputCore (64)
[2018.09.08-02.25.00:832][680]LogModuleManager: Shutting down and abandoning module Settings (62)
[2018.09.08-02.25.00:832][680]LogModuleManager: Shutting down and abandoning module PhysXCooking (60)
[2018.09.08-02.25.00:832][680]LogModuleManager: Shutting down and abandoning module SteamVR (58)
[2018.09.08-02.25.00:832][680]LogModuleManager: Shutting down and abandoning module OculusHMD (56)
[2018.09.08-02.25.00:832][680]LogModuleManager: Shutting down and abandoning module ExampleDeviceProfileSelector (54)
[2018.09.08-02.25.00:832][680]LogModuleManager: Shutting down and abandoning module AppleARKit (52)
[2018.09.08-02.25.00:832][680]LogModuleManager: Shutting down and abandoning module AugmentedReality (51)
[2018.09.08-02.25.00:832][680]LogModuleManager: Shutting down and abandoning module OnlineBlueprintSupport (48)
[2018.09.08-02.25.00:832][680]LogModuleManager: Shutting down and abandoning module OnlineSubsystem (44)
[2018.09.08-02.25.00:832][680]LogModuleManager: Shutting down and abandoning module XMPP (43)
[2018.09.08-02.25.00:832][680]LogModuleManager: Shutting down and abandoning module HTTP (41)
[2018.09.08-02.25.00:832][680]LogHttp: Display: Http module shutting down, but needs to wait on 1 outstanding Http requests:
[2018.09.08-02.25.00:832][680]LogHttp: Display: 	verb=[POST] url=[https://datarouter.ol.epicgames.com/datarouter/api/v1/public/data?SessionID=%7B44735326-4762-0CD8-BE2B-91922F6A3FE1%7D&AppID=UEEditor.Rocket.Release&AppVersion=4.18.3-3832480%2B%2B%2BUE4%2BRelease-4.18&UserID=dff8337e4c5ce66ad0db2498499a6630%7C366e202f1c974f869da3d885854b6a1d%7C3defc4bb-18f8-4840-800c-66f4014a96eb&AppEnvironment=datacollector-binary&UploadType=eteventstream] status=Processing
[2018.09.08-02.25.00:850][680]LogModuleManager: Shutting down and abandoning module SSL (40)
[2018.09.08-02.25.00:851][680]LogModuleManager: Shutting down and abandoning module AnimationModifiers (36)
[2018.09.08-02.25.00:851][680]LogModuleManager: Shutting down and abandoning module PropertyEditor (35)
[2018.09.08-02.25.00:851][680]LogModuleManager: Shutting down and abandoning module AudioEditor (32)
[2018.09.08-02.25.00:851][680]LogModuleManager: Shutting down and abandoning module TextureCompressor (30)
[2018.09.08-02.25.00:851][680]LogModuleManager: Shutting down and abandoning module ShaderCore (28)
[2018.09.08-02.25.00:851][680]LogModuleManager: Shutting down and abandoning module Landscape (26)
[2018.09.08-02.25.00:851][680]LogModuleManager: Shutting down and abandoning module SlateRHIRenderer (24)
[2018.09.08-02.25.00:852][680]LogModuleManager: Shutting down and abandoning module OpenGLDrv (22)
[2018.09.08-02.25.00:852][680]LogModuleManager: Shutting down and abandoning module D3D11RHI (20)
[2018.09.08-02.25.00:852][680]LogModuleManager: Shutting down and abandoning module AnimGraphRuntime (18)
[2018.09.08-02.25.00:852][680]LogModuleManager: Shutting down and abandoning module Renderer (16)
[2018.09.08-02.25.00:852][680]LogModuleManager: Shutting down and abandoning module Engine (14)
[2018.09.08-02.25.00:852][680]LogModuleManager: Shutting down and abandoning module CoreUObject (12)
[2018.09.08-02.25.00:852][680]LogModuleManager: Shutting down and abandoning module NetworkFile (10)
[2018.09.08-02.25.00:852][680]LogModuleManager: Shutting down and abandoning module CookedIterativeFile (8)
[2018.09.08-02.25.00:852][680]LogModuleManager: Shutting down and abandoning module StreamingFile (6)
[2018.09.08-02.25.00:852][680]LogModuleManager: Shutting down and abandoning module SandboxFile (4)
[2018.09.08-02.25.00:852][680]LogModuleManager: Shutting down and abandoning module PakFile (2)
[2018.09.08-02.25.00:854][680]LogExit: Exiting.
[2018.09.08-02.25.00:862][680]Log file closed, 09/07/18 19:25:00
